"../../../../../../langlang/Mr Moooo/UnrealEngineProjects/FreeThem-MFGJ2021Summer-/Game/Content/CameraShakes/CS_ViewBob.uasset" 0
"../../../Engine/Content/EditorBlueprintResources/StandardMacros.uasset" 1
"../../../Engine/Content/EditorBlueprintResources/ActorMacros.uasset" 2
"../../../../../../langlang/Mr Moooo/UnrealEngineProjects/FreeThem-MFGJ2021Summer-/Game/Content/Blueprints/Actors/Level1/SlidingDoor/M_PrisonDoorMetal_Glass.uasset" 3
"../../../../../../langlang/Mr Moooo/UnrealEngineProjects/FreeThem-MFGJ2021Summer-/Game/Content/Blueprints/Actors/Level1/SlidingDoor/M_PrisonDoorMetal.uasset" 4
"../../../../../../langlang/Mr Moooo/UnrealEngineProjects/FreeThem-MFGJ2021Summer-/Game/Content/Blueprints/Actors/Level1/SlidingDoor/SM_PrisonDoorMetal.uasset" 5
"../../../../../../langlang/Mr Moooo/UnrealEngineProjects/FreeThem-MFGJ2021Summer-/Game/Content/Blueprints/Actors/Level1/SlidingDoor/M_ButtonPad.uasset" 6
"../../../../../../langlang/Mr Moooo/UnrealEngineProjects/FreeThem-MFGJ2021Summer-/Game/Content/SoundFX/SFX.uasset" 7
"../../../../../../langlang/Mr Moooo/UnrealEngineProjects/FreeThem-MFGJ2021Summer-/Game/Content/SoundFX/Lockpad/Lockpad_Good.uasset" 8
"../../../../../../langlang/Mr Moooo/UnrealEngineProjects/FreeThem-MFGJ2021Summer-/Game/Content/SoundFX/MetalSFX/Metal_Single3.uasset" 9
"../../../../../../langlang/Mr Moooo/UnrealEngineProjects/FreeThem-MFGJ2021Summer-/Game/Content/SoundFX/MetalSFX/Metal_Single1.uasset" 10
"../../../../../../langlang/Mr Moooo/UnrealEngineProjects/FreeThem-MFGJ2021Summer-/Game/Content/SoundFX/MetalSFX/Metal_Single2.uasset" 11
"../../../../../../langlang/Mr Moooo/UnrealEngineProjects/FreeThem-MFGJ2021Summer-/Game/Content/SoundFX/MetalSFX/Metal_Single4.uasset" 12
"../../../../../../langlang/Mr Moooo/UnrealEngineProjects/FreeThem-MFGJ2021Summer-/Game/Content/SoundFX/MetalSFX/Metal_Single.uasset" 13
"../../../../../../langlang/Mr Moooo/UnrealEngineProjects/FreeThem-MFGJ2021Summer-/Game/Content/Blueprints/Actors/Level1/CollapsedFloor/M_CrackedCubeMat.uasset" 14
"../../../../../../langlang/Mr Moooo/UnrealEngineProjects/FreeThem-MFGJ2021Summer-/Game/Content/Blueprints/Actors/Level1/CollapsedFloor/SM_CubeComplete.uasset" 15
"../../../../../../langlang/Mr Moooo/UnrealEngineProjects/FreeThem-MFGJ2021Summer-/Game/Content/Blueprints/Actors/BP_DraggableSound.uasset" 16
"../../../../../../langlang/Mr Moooo/UnrealEngineProjects/FreeThem-MFGJ2021Summer-/Game/Content/Blueprints/Actors/BP_KeyV2.uasset" 17
"../../../../../../langlang/Mr Moooo/UnrealEngineProjects/FreeThem-MFGJ2021Summer-/Game/Content/Blueprints/Actors/BP_Door.uasset" 18
"../../../Engine/Content/EngineMaterials/T_Default_Material_Grid_N.uasset" 19
"../../../Engine/Content/EngineMaterials/T_Default_Material_Grid_M.uasset" 20
"../../../Engine/Content/Functions/Engine_MaterialFunctions01/Opacity/CameraDepthFade.uasset" 21
"../../../Engine/Content/EngineMaterials/WorldGridMaterial.uasset" 22
"../../../Engine/Content/BasicShapes/Cube.uasset" 23
"../../../../../../langlang/Mr Moooo/UnrealEngineProjects/FreeThem-MFGJ2021Summer-/Game/Content/Blueprints/Actors/Level1/SlidingDoor/BP_Door_Sliding.uasset" 24
"../../../../../../langlang/Mr Moooo/UnrealEngineProjects/FreeThem-MFGJ2021Summer-/Game/Content/Blueprints/Actors/Level1/SlidingDoor/BP_Door_SlidingOverridable.uasset" 25
"../../../../../../langlang/Mr Moooo/UnrealEngineProjects/FreeThem-MFGJ2021Summer-/Game/Content/Cinematics/BP_LevelSequence.uasset" 26
"../../../../../../langlang/Mr Moooo/UnrealEngineProjects/FreeThem-MFGJ2021Summer-/Game/Content/UI/W_DetailsHoverTab.uasset" 27
"../../../../../../langlang/Mr Moooo/UnrealEngineProjects/FreeThem-MFGJ2021Summer-/Game/Content/UI/UIIcons/T_JailBackground.uasset" 28
"../../../Engine/Content/Maps/Templates/Thumbnails/Default.uasset" 29
"../../../Engine/Content/Maps/Templates/Thumbnails/TimeOfDay.uasset" 30
"../../../Engine/Content/Maps/Templates/Thumbnails/VR-Basic.uasset" 31
"../../../Engine/Content/MobileResources/T_MobileControls_texture.uasset" 32
"../../../Engine/Content/MobileResources/T_MobileMenu2.uasset" 33
"../../../Engine/Content/MobileResources/HUD/MobileHUDDirectionPad3.uasset" 34
"../../../Engine/Content/MobileResources/HUD/MobileHUDButton2_off.uasset" 35
"../../../Engine/Content/MobileResources/HUD/MobileHUDButton3.uasset" 36
"../../../Engine/Content/MobileResources/HUD/T_Castle_ThumbstickInner.uasset" 37
"../../../Engine/Content/MobileResources/HUD/MobileHUDDirectionStick.uasset" 38
"../../../Engine/Content/MobileResources/HUD/VirtualJoystick_Background.uasset" 39
"../../../Engine/Content/MobileResources/HUD/VirtualJoystick_Thumb.uasset" 40
"../../../Engine/Content/MobileResources/HUD/DefaultVirtualJoysticks.uasset" 41
"../../../Engine/Content/MobileResources/HUD/T_Castle_ThumbstickOutter.uasset" 42
"../../../Engine/Content/MobileResources/HUD/MobileHUDButton2_on.uasset" 43
"../../../Engine/Content/MobileResources/HUD/MobileHUDDirectionPad2.uasset" 44
"../../../Engine/Content/MobileResources/HUD/MobileHUDDirectionPad.uasset" 45
"../../../Engine/Content/MobileResources/HUD/AnalogHat.uasset" 46
"../../../Engine/Content/MobileResources/HUD/MobileHUDButton1_on.uasset" 47
"../../../Engine/Content/MobileResources/HUD/MobileHUDButtonFire.uasset" 48
"../../../Engine/Content/MobileResources/HUD/LeftVirtualJoystickOnly.uasset" 49
"../../../Engine/Content/MobileResources/HUD/MobileHUDButton1_off.uasset" 50
"../../../Engine/Content/Tutorial/ContentIntroCurve.uasset" 51
"../../../Engine/Content/Tutorial/Basics/TutorialAssets/icon_tab_Levels_40x.uasset" 52
"../../../Engine/Content/Tutorial/Basics/LevelEditorOverview.uasset" 53
"../../../Engine/Content/Tutorial/Basics/LevelEditorAttract.uasset" 54
"../../../Engine/Content/EngineResources/DefaultTextureCube.uasset" 55
"../../../Engine/Content/EngineResources/Black.uasset" 56
"../../../Engine/Content/EngineResources/DefaultVolumeTexture2D.uasset" 57
"../../../Engine/Content/EngineResources/DefaultVolumeTexture.uasset" 58
"../../../Engine/Content/EngineResources/GradientTexture0.uasset" 59
"../../../Engine/Content/EditorLandscapeResources/DataLayer.uasset" 60
"../../../Engine/Content/EditorLandscapeResources/DefaultAlphaTexture.uasset" 61
"../../../Engine/Content/EditorMaterials/Camera/CineMat.uasset" 62
"../../../Engine/Content/EditorMaterials/Camera/MI_CineMat_Rig.uasset" 63
"../../../Engine/Content/EditorMeshes/Camera/SM_CraneRig_Body.uasset" 64
"../../../Engine/Content/EditorMeshes/Camera/SM_RailRig_Mount.uasset" 65
"../../../Engine/Content/EditorMeshes/Camera/SM_CraneRig_Base.uasset" 66
"../../../Engine/Content/EditorMeshes/Camera/SM_CraneRig_Mount.uasset" 67
"../../../Engine/Content/EditorMeshes/Camera/SM_CraneRig_Arm.uasset" 68
"../../../Engine/Content/EditorMeshes/Camera/SM_RailRig_Track.uasset" 69
"../../../Engine/Content/EngineFonts/Faces/RobotoRegular.uasset" 70
"../../../Engine/Content/EngineFonts/Faces/RobotoLight.uasset" 71
"../../../Engine/Content/EngineFonts/Faces/RobotoItalic.uasset" 72
"../../../Engine/Content/EngineFonts/Faces/RobotoBoldItalic.uasset" 73
"../../../Engine/Content/EngineFonts/Faces/RobotoBold.uasset" 74
"../../../Engine/Content/EngineFonts/Faces/DroidSansFallback.uasset" 75
"../../../Engine/Content/EngineFonts/Roboto.uasset" 76
"../../../Engine/Content/EngineDamageTypes/DmgTypeBP_Environmental.uasset" 77
"../../../Engine/Content/ArtTools/RenderToTexture/Meshes/S_1_Unit_Plane.uasset" 78
"../../../Engine/Content/EngineResources/WhiteSquareTexture.uasset" 79
"../../../Engine/Content/EngineMaterials/Widget3DPassThrough.uasset" 80
"../../../Engine/Content/EngineMaterials/Widget3DPassThrough_Masked.uasset" 81
"../../../Engine/Content/EngineMaterials/WeightMapPlaceholderTexture.uasset" 82
"../../../Engine/Content/EngineMaterials/Widget3DPassThrough_Translucent.uasset" 83
"../../../Engine/Content/EngineMaterials/Widget3DPassThrough_Translucent_OneSided.uasset" 84
"../../../Engine/Content/Functions/Engine_MaterialFunctions02/WorldPositionOffset/CameraOffset.uasset" 85
"../../../Engine/Content/EngineMaterials/PhAT_JointLimitMaterial.uasset" 86
"../../../Engine/Content/EngineMaterials/GizmoMaterial.uasset" 87
"../../../Engine/Content/EngineMaterials/BlueNoise.uasset" 88
"../../../Engine/Content/EngineMaterials/DefaultWhiteGrid_Low.uasset" 89
"../../../Engine/Content/EngineMaterials/EmissiveMeshMaterial.uasset" 90
"../../../Engine/Content/EngineMaterials/Widget3DPassThrough_Opaque.uasset" 91
"../../../Engine/Content/EngineMaterials/Widget3DPassThrough_Masked_OneSided.uasset" 92
"../../../Engine/Content/EngineMaterials/Good64x64TilingNoiseHighFreq.uasset" 93
"../../../Engine/Content/EngineMaterials/DefaultBloomKernel.uasset" 94
"../../../Engine/Content/EngineMaterials/RemoveSurfaceMaterial.uasset" 95
"../../../Engine/Content/EngineMaterials/DefaultDiffuse.uasset" 96
"../../../Engine/Content/EngineMaterials/DefaultDeferredDecalMaterial.uasset" 97
"../../../Engine/Content/Functions/Engine_MaterialFunctions02/Utility/BreakOutFloat2Components.uasset" 98
"../../../Engine/Content/EngineMaterials/DefaultPostProcessMaterial.uasset" 99
"../../../Engine/Content/EngineMaterials/DefaultPhysicalMaterial.uasset" 100
"../../../Engine/Content/EngineMaterials/BaseFlattenNormalMap.uasset" 101
"../../../Engine/Content/EngineMaterials/BaseFlattenEmissiveMap.uasset" 102
"../../../Engine/Content/EngineMaterials/BaseFlattenGrayscaleMap.uasset" 103
"../../../Engine/Content/EngineMaterials/BaseFlattenDiffuseMap.uasset" 104
"../../../Engine/Content/EngineMaterials/BaseFlattenMaterial.uasset" 105
"../../../Engine/Content/EngineMaterials/InvalidLightmapSettings.uasset" 106
"../../../Engine/Content/EngineMaterials/M_InvalidLightmapSettings.uasset" 107
"../../../Engine/Content/EngineFonts/RobotoDistanceField.uasset" 108
"../../../Engine/Content/EngineMaterials/DefaultTextMaterialOpaque.uasset" 109
"../../../Engine/Content/EngineMaterials/PreintegratedSkinBRDF.uasset" 110
"../../../Engine/Content/EngineMaterials/Widget3DPassThrough_Opaque_OneSided.uasset" 111
"../../../Engine/Content/EngineMaterials/DefaultBokeh.uasset" 112
"../../../Engine/Content/EngineMaterials/DefaultLightFunctionMaterial.uasset" 113
"../../../Engine/Content/EngineMaterials/MiniFont.uasset" 114
"../../../Engine/Content/EngineMaterials/DefaultWhiteGrid.uasset" 115
"../../../Engine/Content/EngineDebugMaterials/DebugEditorMaterial.uasset" 116
"../../../Engine/Content/Functions/Engine_MaterialFunctions01/Shading/ConvertFromDiffSpec.uasset" 117
"../../../Engine/Content/EngineDebugMaterials/VertexColorMaterial.uasset" 118
"../../../Engine/Content/EngineDebugMaterials/WireframeMaterial.uasset" 119
"../../../Engine/Content/EngineDebugMaterials/VolumeToRender.uasset" 120
"../../../Engine/Content/Functions/Engine_MaterialFunctions02/Utility/CameraDirectionVector.uasset" 121
"../../../Engine/Content/EngineDebugMaterials/M_VolumeRenderSphereTracePP.uasset" 122
"../../../Engine/Content/EngineDebugMaterials/M_SimpleUnlitTranslucent.uasset" 123
"../../../Engine/Content/EngineDebugMaterials/DebugMeshMaterial.uasset" 124
"../../../Engine/Content/EditorResources/S_Note.uasset" 125
"../../../Engine/Content/EditorResources/S_Solver.uasset" 126
"../../../Engine/Content/EditorResources/S_Terrain.uasset" 127
"../../../Engine/Content/EditorResources/S_Trigger.uasset" 128
"../../../Engine/Content/EditorResources/S_Actor.uasset" 129
"../../../Engine/Content/EditorResources/EmptyActor.uasset" 130
"../../../Engine/Content/EditorResources/BSPVertex.uasset" 131
"../../../Engine/Content/EditorResources/SequenceRecorder/Countdown.uasset" 132
"../../../Engine/Content/EditorResources/SequenceRecorder/RecordingIndicator.uasset" 133
"../../../Engine/Content/EditorResources/LightIcons/S_LightError.uasset" 134
"../../../Engine/Content/EngineMaterials/DefaultMaterial.uasset" 135
"../../../Engine/Content/BasicShapes/Cone.uasset" 136
"../../../Engine/Content/Functions/Engine_MaterialFunctions01/Shading/PowerToRoughness.uasset" 137
"../../../Engine/Content/EditorMaterials/PreviewShadowIndicator.uasset" 138
"../../../Engine/Content/EditorMaterials/PreviewShadowIndicatorMaterial.uasset" 139
"../../../Engine/Content/EditorMaterials/MAT_Groups_Toggle.uasset" 140
"../../../Engine/Content/EditorMaterials/MAT_Groups_Visibility.uasset" 141
"../../../Engine/Content/EditorMaterials/ParticleSystems/PSysThumbnail_NoImage.uasset" 142
"../../../Engine/Content/EditorMaterials/ParticleSystems/PSysThumbnail_OOD.uasset" 143
"../../../Engine/Content/EditorMaterials/MatineeGroups/MAT_Groups_Vector.uasset" 144
"../../../Engine/Content/EditorMaterials/MatineeGroups/MAT_ColorTrack.uasset" 145
"../../../Engine/Content/EditorMaterials/MatineeGroups/MAT_Groups_AudioMaster.uasset" 146
"../../../Engine/Content/EditorMaterials/MatineeGroups/MAT_Groups_Sound.uasset" 147
"../../../Engine/Content/EditorMaterials/MatineeGroups/MAT_Groups_Float.uasset" 148
"../../../Engine/Content/EditorMaterials/MatineeGroups/MAT_Groups_Director.uasset" 149
"../../../Engine/Content/EditorMaterials/MatineeGroups/MAT_Groups_Move.uasset" 150
"../../../Engine/Content/EditorMaterials/MatineeGroups/MAT_Groups_Event.uasset" 151
"../../../Engine/Content/EditorMaterials/MatineeGroups/MAT_Groups_Fade.uasset" 152
"../../../Engine/Content/EditorMaterials/MatineeGroups/MAT_Groups_Anim.uasset" 153
"../../../Engine/Content/EditorMaterials/MatineeGroups/MAT_Groups_Slomo.uasset" 154
"../../../Engine/Content/EngineSounds/Master.uasset" 155
"../../../Engine/Content/EngineMeshes/Cylinder.uasset" 156
"../../../Engine/Content/EngineMeshes/Sphere.uasset" 157
"../../../Engine/Content/EngineSky/VolumetricClouds/CloudWeatherTexture.uasset" 158
"../../../Engine/Content/EngineSky/VolumetricClouds/T_NoiseShape64.uasset" 159
"../../../Engine/Content/EngineSky/VolumetricClouds/T_VolumeNoiseShape64.uasset" 160
"../../../Engine/Content/EngineSky/VolumetricClouds/T_NoiseErosion.uasset" 161
"../../../Engine/Content/EngineSky/VolumetricClouds/T_VolumeNoiseErosion32.uasset" 162
"../../../Engine/Content/EngineSky/VolumetricClouds/CloudGradientTexture.uasset" 163
"../../../Engine/Content/Functions/Engine_MaterialFunctions02/Utility/MakeFloat2.uasset" 164
"../../../Engine/Content/EngineSky/VolumetricClouds/m_SimpleVolumetricCloud.uasset" 165
"../../../Engine/Content/EngineSky/VolumetricClouds/m_SimpleVolumetricCloud_Inst.uasset" 166
"../../../Engine/Content/VREditor/TransformGizmo/TranslucentTransformGizmoMaterial.uasset" 167
"../../../Engine/Content/VREditor/LaserPointer/VR_LaserPower_01.uasset" 168
"../../../Engine/Content/VREditor/TransformGizmo/TransformGizmoMaterial.uasset" 169
"../../../Engine/Content/VREditor/TransformGizmo/PlaneTranslationHandle.uasset" 170
"../../../Engine/Content/VREditor/TransformGizmo/Xray.uasset" 171
"../../../Engine/Content/VREditor/TransformGizmo/Main.uasset" 172
"../../../Engine/Content/VREditor/TransformGizmo/SM_Sequencer_Key.uasset" 173
"../../../Engine/Content/VREditor/TransformGizmo/BoundingBoxCorner.uasset" 174
"../../../Engine/Content/VREditor/TransformGizmo/SM_Sequencer_Node.uasset" 175
"../../../Engine/Content/VREditor/TransformGizmo/BoundingBoxEdge.uasset" 176
"../../../Engine/Content/BasicShapes/Cylinder.uasset" 177
"../../../Engine/Content/ArtTools/RenderToTexture/Materials/Debug/M_Emissive_Color.uasset" 178
"../../Plugins/Lumin/MagicLeapPassableWorld/Content/MagicLeapARPinInfoActor.uasset" 179
"../../Plugins/2D/Paper2D/Content/PlaceholderTextures/DummySpriteTexture.uasset" 180
"../../Plugins/2D/Paper2D/Content/DefaultSpriteMaterial.uasset" 181
"../../Plugins/2D/Paper2D/Content/OpaqueUnlitSpriteMaterial.uasset" 182
"../../Plugins/2D/Paper2D/Content/DummySprite.uasset" 183
"../../Plugins/2D/Paper2D/Content/DefaultPaperTerrainMaterial.uasset" 184
"../../Plugins/2D/Paper2D/Content/MaskedUnlitSpriteMaterial.uasset" 185
"../../../Engine/Content/Functions/Engine_MaterialFunctions02/Utility/BreakOutFloat3Components.uasset" 186
"../../Plugins/Editor/SpeedTreeImporter/Content/SpeedTree9/UnpackInteger3.uasset" 187
"../../Plugins/Editor/SpeedTreeImporter/Content/SpeedTree9/SpeedTreeBillboard.uasset" 188
"../../Plugins/Editor/SpeedTreeImporter/Content/SpeedTree9/UnpackDirection.uasset" 189
"../../Plugins/Editor/SpeedTreeImporter/Content/SpeedTree9/game_wind_noise.uasset" 190
"../../../Engine/Content/Functions/Engine_MaterialFunctions02/SafeNormalize.uasset" 191
"../../Plugins/Editor/SpeedTreeImporter/Content/SpeedTree9/SpeedTreeWindMotion.uasset" 192
"../../Plugins/Editor/SpeedTreeImporter/Content/SpeedTree9/SpeedTreeBranchMotion.uasset" 193
"../../../Engine/Content/Functions/Engine_MaterialFunctions02/ObjectLocalBounds.uasset" 194
"../../../Engine/Content/Functions/Engine_MaterialFunctions02/UVs/BoundingBoxBased_0-1_UVW.uasset" 195
"../../Plugins/Editor/SpeedTreeImporter/Content/SpeedTree9/SpeedTreeWind.uasset" 196
"../../../Engine/Content/EngineResources/DefaultTexture.uasset" 197
"../../Plugins/Editor/SpeedTreeImporter/Content/SpeedTree9/SpeedTreeBillboardMaster.uasset" 198
"../../Plugins/Editor/SpeedTreeImporter/Content/SpeedTree9/SpeedTreeCameraFacing.uasset" 199
"../../Plugins/Editor/SpeedTreeImporter/Content/SpeedTree9/SpeedTreeMaster.uasset" 200
"../../../../../../langlang/Mr Moooo/UnrealEngineProjects/FreeThem-MFGJ2021Summer-/Game/Content/Blueprints/Actors/Level1/Weight/M_WeightSides.uasset" 201
"../../../../../../langlang/Mr Moooo/UnrealEngineProjects/FreeThem-MFGJ2021Summer-/Game/Content/Blueprints/Actors/Level1/Weight/M_WeightHandle.uasset" 202
"../../../../../../langlang/Mr Moooo/UnrealEngineProjects/FreeThem-MFGJ2021Summer-/Game/Content/Blueprints/Actors/Level1/Weight/SM_Weight.uasset" 203
"../../../../../../langlang/Mr Moooo/UnrealEngineProjects/FreeThem-MFGJ2021Summer-/Game/Content/Blueprints/Actors/Level1/Vent/M_VentMat.uasset" 204
"../../../../../../langlang/Mr Moooo/UnrealEngineProjects/FreeThem-MFGJ2021Summer-/Game/Content/Blueprints/Actors/Level1/Vent/SM_CellVent.uasset" 205
"../../../../../../langlang/Mr Moooo/UnrealEngineProjects/FreeThem-MFGJ2021Summer-/Game/Content/Blueprints/Actors/Level1/Key/M_KEy.uasset" 206
"../../../../../../langlang/Mr Moooo/UnrealEngineProjects/FreeThem-MFGJ2021Summer-/Game/Content/Blueprints/Actors/Level1/Key/SM_KeyToMy_3.uasset" 207
"../../../../../../langlang/Mr Moooo/UnrealEngineProjects/FreeThem-MFGJ2021Summer-/Game/Content/Blueprints/Actors/Level1/Cell/M_JailCell.uasset" 208
"../../../../../../langlang/Mr Moooo/UnrealEngineProjects/FreeThem-MFGJ2021Summer-/Game/Content/Blueprints/Actors/Level1/Cell/SM_JailCellWithKeyhole.uasset" 209
"../../../../../../langlang/Mr Moooo/UnrealEngineProjects/FreeThem-MFGJ2021Summer-/Game/Content/Blueprints/Actors/Level1/Cell/SM_JailCell.uasset" 210
"../../../../../../langlang/Mr Moooo/UnrealEngineProjects/FreeThem-MFGJ2021Summer-/Game/Content/Blueprints/Actors/Level1/Bed/M_CellBed.uasset" 211
"../../../../../../langlang/Mr Moooo/UnrealEngineProjects/FreeThem-MFGJ2021Summer-/Game/Content/Blueprints/Actors/Level1/Bed/SM_CellBed.uasset" 212
"../../../../../../langlang/Mr Moooo/UnrealEngineProjects/FreeThem-MFGJ2021Summer-/Game/Content/Blueprints/Actors/Level1/Decals/T_Prison_Decal6.uasset" 213
"../../../../../../langlang/Mr Moooo/UnrealEngineProjects/FreeThem-MFGJ2021Summer-/Game/Content/Blueprints/Actors/Level1/Decals/M_Prison_Decal6_Mat.uasset" 214
"../../../../../../langlang/Mr Moooo/UnrealEngineProjects/FreeThem-MFGJ2021Summer-/Game/Content/Blueprints/Actors/Level1/Decals/T_Prison_Decal5.uasset" 215
"../../../../../../langlang/Mr Moooo/UnrealEngineProjects/FreeThem-MFGJ2021Summer-/Game/Content/Blueprints/Actors/Level1/Decals/M_Prison_Decal5_Mat.uasset" 216
"../../../../../../langlang/Mr Moooo/UnrealEngineProjects/FreeThem-MFGJ2021Summer-/Game/Content/Blueprints/Actors/Level1/Decals/T_Prison_Decal2.uasset" 217
"../../../../../../langlang/Mr Moooo/UnrealEngineProjects/FreeThem-MFGJ2021Summer-/Game/Content/Blueprints/Actors/Level1/Decals/M_Prison_Decal2_Mat.uasset" 218
"../../../Engine/Content/BasicShapes/BasicShapeMaterial.uasset" 219
"../../../../../../langlang/Mr Moooo/UnrealEngineProjects/FreeThem-MFGJ2021Summer-/Game/Content/Blueprints/Player/BP_EscapeController.uasset" 220
"../../../../../../langlang/Mr Moooo/UnrealEngineProjects/FreeThem-MFGJ2021Summer-/Game/Content/Blueprints/GameMode/GM_Start.uasset" 221
"../../../../../../langlang/Mr Moooo/UnrealEngineProjects/FreeThem-MFGJ2021Summer-/Game/Content/UI/W_SpinnyWheel.uasset" 222
"../../../../../../langlang/Mr Moooo/UnrealEngineProjects/FreeThem-MFGJ2021Summer-/Game/Content/UI/UIIcons/T_TutorialImage.uasset" 223
"../../../../../../langlang/Mr Moooo/UnrealEngineProjects/FreeThem-MFGJ2021Summer-/Game/Content/UI/UIIcons/T_Tutorial.uasset" 224
"../../../../../../langlang/Mr Moooo/UnrealEngineProjects/FreeThem-MFGJ2021Summer-/Game/Content/UI/UIIcons/T_SoundFX.uasset" 225
"../../../../../../langlang/Mr Moooo/UnrealEngineProjects/FreeThem-MFGJ2021Summer-/Game/Content/UI/UIIcons/T_Settings.uasset" 226
"../../../../../../langlang/Mr Moooo/UnrealEngineProjects/FreeThem-MFGJ2021Summer-/Game/Content/UI/UIIcons/T_Quit.uasset" 227
"../../../../../../langlang/Mr Moooo/UnrealEngineProjects/FreeThem-MFGJ2021Summer-/Game/Content/UI/UIIcons/T_Ok.uasset" 228
"../../../../../../langlang/Mr Moooo/UnrealEngineProjects/FreeThem-MFGJ2021Summer-/Game/Content/SoundFX/UISFX/ButtonHovered.uasset" 229
"../../../../../../langlang/Mr Moooo/UnrealEngineProjects/FreeThem-MFGJ2021Summer-/Game/Content/SoundFX/UISFX/ButtonClicks.uasset" 230
"../../../../../../langlang/Mr Moooo/UnrealEngineProjects/FreeThem-MFGJ2021Summer-/Game/Content/UI/W_Error.uasset" 231
"../../../../../../langlang/Mr Moooo/UnrealEngineProjects/FreeThem-MFGJ2021Summer-/Game/Content/Blueprints/SaveGame/Settings.uasset" 232
"../../../../../../langlang/Mr Moooo/UnrealEngineProjects/FreeThem-MFGJ2021Summer-/Game/Content/Blueprints/GameInstance/BP_EscapeGameInstance.uasset" 233
"../../../../../../langlang/Mr Moooo/UnrealEngineProjects/FreeThem-MFGJ2021Summer-/Game/Content/UI/UIIcons/T_Singleplayer.uasset" 234
"../../../../../../langlang/Mr Moooo/UnrealEngineProjects/FreeThem-MFGJ2021Summer-/Game/Content/SoundFX/OST/MainMenu.uasset" 235
"../../../../../../langlang/Mr Moooo/UnrealEngineProjects/FreeThem-MFGJ2021Summer-/Game/Content/SoundFX/SoundMix.uasset" 236
"../../../../../../langlang/Mr Moooo/UnrealEngineProjects/FreeThem-MFGJ2021Summer-/Game/Content/UI/UIIcons/T_BadWifi.uasset" 237
"../../../../../../langlang/Mr Moooo/UnrealEngineProjects/FreeThem-MFGJ2021Summer-/Game/Content/UI/UIIcons/T_Credits.uasset" 238
"../../../../../../langlang/Mr Moooo/UnrealEngineProjects/FreeThem-MFGJ2021Summer-/Game/Content/UI/UIIcons/T_Game_Title.uasset" 239
"../../../../../../langlang/Mr Moooo/UnrealEngineProjects/FreeThem-MFGJ2021Summer-/Game/Content/UI/UIIcons/T_GoBack.uasset" 240
"../../../../../../langlang/Mr Moooo/UnrealEngineProjects/FreeThem-MFGJ2021Summer-/Game/Content/UI/UIIcons/T_Logo.uasset" 241
"../../../../../../langlang/Mr Moooo/UnrealEngineProjects/FreeThem-MFGJ2021Summer-/Game/Content/UI/UIIcons/T_Multiplayer.uasset" 242
"../../../../../../langlang/Mr Moooo/UnrealEngineProjects/FreeThem-MFGJ2021Summer-/Game/Content/UI/W_Start.uasset" 243
"../../../../../../langlang/Mr Moooo/UnrealEngineProjects/FreeThem-MFGJ2021Summer-/Game/Content/Blueprints/Actors/Level1/Toilet/M_PrisonToilet.uasset" 244
"../../../../../../langlang/Mr Moooo/UnrealEngineProjects/FreeThem-MFGJ2021Summer-/Game/Content/Blueprints/Actors/Level1/Toilet/SM_PrisonToilet.uasset" 245
"../../../../../../langlang/Mr Moooo/UnrealEngineProjects/FreeThem-MFGJ2021Summer-/Game/Content/Blueprints/Actors/Level1/Toilet/BP_Toilet.uasset" 246
"../../../../../../langlang/Mr Moooo/UnrealEngineProjects/FreeThem-MFGJ2021Summer-/Game/Content/Blueprints/Actors/Level1/Table/Round/M_PrisonTable.uasset" 247
"../../../../../../langlang/Mr Moooo/UnrealEngineProjects/FreeThem-MFGJ2021Summer-/Game/Content/Blueprints/Actors/Level1/Table/Round/SM_PrisonTable.uasset" 248
"../../../../../../langlang/Mr Moooo/UnrealEngineProjects/FreeThem-MFGJ2021Summer-/Game/Content/Blueprints/Actors/Level1/Table/BP_Table.uasset" 249
"../../../../../../langlang/Mr Moooo/UnrealEngineProjects/FreeThem-MFGJ2021Summer-/Game/Content/Blueprints/Actors/Level1/Table/Round/M_Chairs.uasset" 250
"../../../../../../langlang/Mr Moooo/UnrealEngineProjects/FreeThem-MFGJ2021Summer-/Game/Content/Blueprints/Actors/Level1/Table/Round/SM_PrisonChair.uasset" 251
"../../../../../../langlang/Mr Moooo/UnrealEngineProjects/FreeThem-MFGJ2021Summer-/Game/Content/Blueprints/Actors/Level1/Table/BP_Chairs.uasset" 252
"../../../../../../langlang/Mr Moooo/UnrealEngineProjects/FreeThem-MFGJ2021Summer-/Game/Content/Blueprints/Actors/Level1/Sink/M_SinkTop.uasset" 253
"../../../../../../langlang/Mr Moooo/UnrealEngineProjects/FreeThem-MFGJ2021Summer-/Game/Content/Blueprints/Actors/Level1/Sink/SM_Sink_Faucet.uasset" 254
"../../../../../../langlang/Mr Moooo/UnrealEngineProjects/FreeThem-MFGJ2021Summer-/Game/Content/Blueprints/Actors/Level1/Sink/SM_Sink_Faucet_Handle.uasset" 255
"../../../../../../langlang/Mr Moooo/UnrealEngineProjects/FreeThem-MFGJ2021Summer-/Game/Content/Blueprints/Actors/Level1/Sink/M_SinkBottom.uasset" 256
"../../../../../../langlang/Mr Moooo/UnrealEngineProjects/FreeThem-MFGJ2021Summer-/Game/Content/Blueprints/Actors/Level1/Sink/SM_Sink_Sink.uasset" 257
"../../../../../../langlang/Mr Moooo/UnrealEngineProjects/FreeThem-MFGJ2021Summer-/Game/Content/Blueprints/Interfaces/BP_InteractionInterface.uasset" 258
"../../../../../../langlang/Mr Moooo/UnrealEngineProjects/FreeThem-MFGJ2021Summer-/Game/Content/Blueprints/Actors/BP_Interactable.uasset" 259
"../../../../../../langlang/Mr Moooo/UnrealEngineProjects/FreeThem-MFGJ2021Summer-/Game/Content/Blueprints/Actors/Level1/Sink/BP_Sink.uasset" 260
"../../../../../../langlang/Mr Moooo/UnrealEngineProjects/FreeThem-MFGJ2021Summer-/Game/Content/Maps/StartGame_BuiltData.uasset" 261
"../../../../../../langlang/Mr Moooo/UnrealEngineProjects/FreeThem-MFGJ2021Summer-/Game/Content/Maps/StartGame.umap" 262
"../../../../../../langlang/Mr Moooo/UnrealEngineProjects/FreeThem-MFGJ2021Summer-/Game/Content/Blueprints/Actors/Level1/Visitation/M_Wall.uasset" 263
"../../../../../../langlang/Mr Moooo/UnrealEngineProjects/FreeThem-MFGJ2021Summer-/Game/Content/Blueprints/Actors/Level1/Visitation/M_VisitationFrame.uasset" 264
"../../../../../../langlang/Mr Moooo/UnrealEngineProjects/FreeThem-MFGJ2021Summer-/Game/Content/Blueprints/Actors/Level1/Visitation/M_ChairSeat.uasset" 265
"../../../../../../langlang/Mr Moooo/UnrealEngineProjects/FreeThem-MFGJ2021Summer-/Game/Content/Blueprints/Actors/Level1/Visitation/SM_VisitationCube.uasset" 266
"../../../../../../langlang/Mr Moooo/UnrealEngineProjects/FreeThem-MFGJ2021Summer-/Game/Content/Blueprints/Actors/Level1/TopBroken/M_Wall.uasset" 267
"../../../../../../langlang/Mr Moooo/UnrealEngineProjects/FreeThem-MFGJ2021Summer-/Game/Content/Blueprints/Actors/Level1/TopBroken/M_Broken.uasset" 268
"../../../../../../langlang/Mr Moooo/UnrealEngineProjects/FreeThem-MFGJ2021Summer-/Game/Content/Blueprints/Actors/Level1/TopBroken/BrokenWall_WithSpace.uasset" 269
"../../../../../../langlang/Mr Moooo/UnrealEngineProjects/FreeThem-MFGJ2021Summer-/Game/Content/Blueprints/Actors/Level1/Table/Square/M_DesktopMat.uasset" 270
"../../../../../../langlang/Mr Moooo/UnrealEngineProjects/FreeThem-MFGJ2021Summer-/Game/Content/Blueprints/Actors/Level1/Table/Square/SM_Table.uasset" 271
"../../../../../../langlang/Mr Moooo/UnrealEngineProjects/FreeThem-MFGJ2021Summer-/Game/Content/Blueprints/Actors/Level1/SewerTube/M_Tube.uasset" 272
"../../../../../../langlang/Mr Moooo/UnrealEngineProjects/FreeThem-MFGJ2021Summer-/Game/Content/Blueprints/Actors/Level1/SewerTube/SM_LeadintoSewers.uasset" 273
"../../../../../../langlang/Mr Moooo/UnrealEngineProjects/FreeThem-MFGJ2021Summer-/Game/Content/Blueprints/Actors/Level1/Road/M_Sidewalk.uasset" 274
"../../../../../../langlang/Mr Moooo/UnrealEngineProjects/FreeThem-MFGJ2021Summer-/Game/Content/Blueprints/Actors/Level1/Road/M_RoadStripes.uasset" 275
"../../../../../../langlang/Mr Moooo/UnrealEngineProjects/FreeThem-MFGJ2021Summer-/Game/Content/Blueprints/Actors/Level1/Road/M_Road.uasset" 276
"../../../../../../langlang/Mr Moooo/UnrealEngineProjects/FreeThem-MFGJ2021Summer-/Game/Content/Blueprints/Actors/Level1/Road/Road.uasset" 277
"../../../../../../langlang/Mr Moooo/UnrealEngineProjects/FreeThem-MFGJ2021Summer-/Game/Content/Blueprints/Actors/Level1/PokerTable/M_TableTop.uasset" 278
"../../../../../../langlang/Mr Moooo/UnrealEngineProjects/FreeThem-MFGJ2021Summer-/Game/Content/Blueprints/Actors/Level1/PokerTable/M_TableBorder.uasset" 279
"../../../../../../langlang/Mr Moooo/UnrealEngineProjects/FreeThem-MFGJ2021Summer-/Game/Content/Blueprints/Actors/Level1/PokerTable/SM_PokerTable.uasset" 280
"../../../../../../langlang/Mr Moooo/UnrealEngineProjects/FreeThem-MFGJ2021Summer-/Game/Content/Blueprints/Actors/Level1/Ladder/M_Ladder.uasset" 281
"../../../../../../langlang/Mr Moooo/UnrealEngineProjects/FreeThem-MFGJ2021Summer-/Game/Content/Blueprints/Actors/Level1/Ladder/SM_Ladder.uasset" 282
"../../../../../../langlang/Mr Moooo/UnrealEngineProjects/FreeThem-MFGJ2021Summer-/Game/Content/Blueprints/Actors/Level1/Box/M_BoxBrownLight.uasset" 283
"../../../../../../langlang/Mr Moooo/UnrealEngineProjects/FreeThem-MFGJ2021Summer-/Game/Content/Blueprints/Actors/Level1/Box/M_BoxBrownDark.uasset" 284
"../../../../../../langlang/Mr Moooo/UnrealEngineProjects/FreeThem-MFGJ2021Summer-/Game/Content/Blueprints/Actors/Level1/Box/SM_WoodBox.uasset" 285
"../../../../../../langlang/Mr Moooo/UnrealEngineProjects/FreeThem-MFGJ2021Summer-/Game/Content/UI/W_Endgame.uasset" 286
"../../../../../../langlang/Mr Moooo/UnrealEngineProjects/FreeThem-MFGJ2021Summer-/Game/Content/UI/UIIcons/T_WardenDoorControls.uasset" 287
"../../../../../../langlang/Mr Moooo/UnrealEngineProjects/FreeThem-MFGJ2021Summer-/Game/Content/Blueprints/Actors/Level1/Terminal/W_WardenDoors.uasset" 288
"../../../../../../langlang/Mr Moooo/UnrealEngineProjects/FreeThem-MFGJ2021Summer-/Game/Content/Blueprints/Actors/Level1/Terminal/M_Status.uasset" 289
"../../../../../../langlang/Mr Moooo/UnrealEngineProjects/FreeThem-MFGJ2021Summer-/Game/Content/SoundFX/Lockpad/Lockpad_Error.uasset" 290
"../../../../../../langlang/Mr Moooo/UnrealEngineProjects/FreeThem-MFGJ2021Summer-/Game/Content/Blueprints/Actors/Level1/Terminal/W_WardenTerminal.uasset" 291
"../../../../../../langlang/Mr Moooo/UnrealEngineProjects/FreeThem-MFGJ2021Summer-/Game/Content/Blueprints/Actors/Level1/Terminal/T_ComputerScreen.uasset" 292
"../../../../../../langlang/Mr Moooo/UnrealEngineProjects/FreeThem-MFGJ2021Summer-/Game/Content/Blueprints/Actors/Level1/Terminal/W_Computer.uasset" 293
"../../../../../../langlang/Mr Moooo/UnrealEngineProjects/FreeThem-MFGJ2021Summer-/Game/Content/Blueprints/Actors/Level1/Workshop/M_Grey.uasset" 294
"../../../../../../langlang/Mr Moooo/UnrealEngineProjects/FreeThem-MFGJ2021Summer-/Game/Content/Blueprints/Actors/Level1/GlassDoor/SM_GlassDoor.uasset" 295
"../../../Engine/Content/EngineSky/T_Sky_Stars.uasset" 296
"../../../Engine/Content/EngineSky/T_Sky_Clouds_M.uasset" 297
"../../../Engine/Content/EngineSky/T_Sky_Blue.uasset" 298
"../../../Engine/Content/BasicShapes/Plane.uasset" 299
"../../../../../../langlang/Mr Moooo/UnrealEngineProjects/FreeThem-MFGJ2021Summer-/Game/Content/StarterContent/Materials/M_Basic_Floor.uasset" 300
"../../../../../../langlang/Mr Moooo/UnrealEngineProjects/FreeThem-MFGJ2021Summer-/Game/Content/Blueprints/Actors/Level1/Terminal/T_Prison_Computer.uasset" 301
"../../../../../../langlang/Mr Moooo/UnrealEngineProjects/FreeThem-MFGJ2021Summer-/Game/Content/Blueprints/Actors/Level1/Terminal/M_Computer_Mat.uasset" 302
"../../../../../../langlang/Mr Moooo/UnrealEngineProjects/FreeThem-MFGJ2021Summer-/Game/Content/StarterContent/Textures/T_Water_N.uasset" 303
"../../../../../../langlang/Mr Moooo/UnrealEngineProjects/FreeThem-MFGJ2021Summer-/Game/Content/StarterContent/Textures/T_Perlin_Noise_M.uasset" 304
"../../../../../../langlang/Mr Moooo/UnrealEngineProjects/FreeThem-MFGJ2021Summer-/Game/Content/Blueprints/Actors/Level1/SewerTube/M_SewerWater.uasset" 305
"../../../../../../langlang/Mr Moooo/UnrealEngineProjects/FreeThem-MFGJ2021Summer-/Game/Content/Blueprints/Actors/Level1/PokerCards/T_QueenDiamonds.uasset" 306
"../../../../../../langlang/Mr Moooo/UnrealEngineProjects/FreeThem-MFGJ2021Summer-/Game/Content/Blueprints/Actors/Level1/PokerCards/T_QueenDiamonds_Mat.uasset" 307
"../../../../../../langlang/Mr Moooo/UnrealEngineProjects/FreeThem-MFGJ2021Summer-/Game/Content/Blueprints/Actors/Level1/PokerCards/T_QueenClubs.uasset" 308
"../../../../../../langlang/Mr Moooo/UnrealEngineProjects/FreeThem-MFGJ2021Summer-/Game/Content/Blueprints/Actors/Level1/PokerCards/T_QueenClubs_Mat.uasset" 309
"../../../../../../langlang/Mr Moooo/UnrealEngineProjects/FreeThem-MFGJ2021Summer-/Game/Content/Blueprints/Actors/Level1/PokerCards/T_PlayingCardBack.uasset" 310
"../../../../../../langlang/Mr Moooo/UnrealEngineProjects/FreeThem-MFGJ2021Summer-/Game/Content/Blueprints/Actors/Level1/PokerCards/T_PlayingCardBack_Mat.uasset" 311
"../../../../../../langlang/Mr Moooo/UnrealEngineProjects/FreeThem-MFGJ2021Summer-/Game/Content/Blueprints/Actors/Level1/PokerCards/T_KingHearts.uasset" 312
"../../../../../../langlang/Mr Moooo/UnrealEngineProjects/FreeThem-MFGJ2021Summer-/Game/Content/Blueprints/Actors/Level1/PokerCards/T_KingHearts_Mat.uasset" 313
"../../../../../../langlang/Mr Moooo/UnrealEngineProjects/FreeThem-MFGJ2021Summer-/Game/Content/Blueprints/Actors/Level1/PokerCards/T_KingDiamonds.uasset" 314
"../../../../../../langlang/Mr Moooo/UnrealEngineProjects/FreeThem-MFGJ2021Summer-/Game/Content/Blueprints/Actors/Level1/PokerCards/T_KingDiamonds_Mat.uasset" 315
"../../../../../../langlang/Mr Moooo/UnrealEngineProjects/FreeThem-MFGJ2021Summer-/Game/Content/Blueprints/Actors/Level1/PokerCards/T_KingClubs.uasset" 316
"../../../../../../langlang/Mr Moooo/UnrealEngineProjects/FreeThem-MFGJ2021Summer-/Game/Content/Blueprints/Actors/Level1/PokerCards/T_KingClubs_Mat.uasset" 317
"../../../../../../langlang/Mr Moooo/UnrealEngineProjects/FreeThem-MFGJ2021Summer-/Game/Content/Blueprints/Actors/Level1/PokerCards/T_JackSpades.uasset" 318
"../../../../../../langlang/Mr Moooo/UnrealEngineProjects/FreeThem-MFGJ2021Summer-/Game/Content/Blueprints/Actors/Level1/PokerCards/T_JackSpades_Mat.uasset" 319
"../../../../../../langlang/Mr Moooo/UnrealEngineProjects/FreeThem-MFGJ2021Summer-/Game/Content/Blueprints/Actors/Level1/PokerCards/T_JackDiamonds.uasset" 320
"../../../../../../langlang/Mr Moooo/UnrealEngineProjects/FreeThem-MFGJ2021Summer-/Game/Content/Blueprints/Actors/Level1/PokerCards/T_JackDiamonds_Mat.uasset" 321
"../../../../../../langlang/Mr Moooo/UnrealEngineProjects/FreeThem-MFGJ2021Summer-/Game/Content/Blueprints/Actors/Level1/PokerCards/T_JackClubs.uasset" 322
"../../../../../../langlang/Mr Moooo/UnrealEngineProjects/FreeThem-MFGJ2021Summer-/Game/Content/Blueprints/Actors/Level1/PokerCards/T_JackClubs_Mat.uasset" 323
"../../../../../../langlang/Mr Moooo/UnrealEngineProjects/FreeThem-MFGJ2021Summer-/Game/Content/Blueprints/Actors/Level1/PokerCards/T_AceSpades.uasset" 324
"../../../../../../langlang/Mr Moooo/UnrealEngineProjects/FreeThem-MFGJ2021Summer-/Game/Content/Blueprints/Actors/Level1/PokerCards/T_AceSpades_Mat.uasset" 325
"../../../../../../langlang/Mr Moooo/UnrealEngineProjects/FreeThem-MFGJ2021Summer-/Game/Content/Blueprints/Actors/Level1/PokerCards/T_AceHearts.uasset" 326
"../../../../../../langlang/Mr Moooo/UnrealEngineProjects/FreeThem-MFGJ2021Summer-/Game/Content/Blueprints/Actors/Level1/PokerCards/T_AceHearts_Mat.uasset" 327
"../../../../../../langlang/Mr Moooo/UnrealEngineProjects/FreeThem-MFGJ2021Summer-/Game/Content/Blueprints/Actors/Level1/PokerCards/T_AceDiamonds.uasset" 328
"../../../../../../langlang/Mr Moooo/UnrealEngineProjects/FreeThem-MFGJ2021Summer-/Game/Content/Blueprints/Actors/Level1/PokerCards/T_AceDiamonds_Mat.uasset" 329
"../../../../../../langlang/Mr Moooo/UnrealEngineProjects/FreeThem-MFGJ2021Summer-/Game/Content/Blueprints/Actors/Level1/PokerCards/T_AceClubs.uasset" 330
"../../../../../../langlang/Mr Moooo/UnrealEngineProjects/FreeThem-MFGJ2021Summer-/Game/Content/Blueprints/Actors/Level1/PokerCards/T_AceClubs_Mat.uasset" 331
"../../../../../../langlang/Mr Moooo/UnrealEngineProjects/FreeThem-MFGJ2021Summer-/Game/Content/Blueprints/Actors/Level1/PokerCards/T_9Spades.uasset" 332
"../../../../../../langlang/Mr Moooo/UnrealEngineProjects/FreeThem-MFGJ2021Summer-/Game/Content/Blueprints/Actors/Level1/PokerCards/T_9Spades_Mat.uasset" 333
"../../../../../../langlang/Mr Moooo/UnrealEngineProjects/FreeThem-MFGJ2021Summer-/Game/Content/Blueprints/Actors/Level1/PokerCards/T_9Hearts.uasset" 334
"../../../../../../langlang/Mr Moooo/UnrealEngineProjects/FreeThem-MFGJ2021Summer-/Game/Content/Blueprints/Actors/Level1/PokerCards/T_9Hearts_Mat.uasset" 335
"../../../../../../langlang/Mr Moooo/UnrealEngineProjects/FreeThem-MFGJ2021Summer-/Game/Content/Blueprints/Actors/Level1/PokerCards/T_8Diamonds.uasset" 336
"../../../../../../langlang/Mr Moooo/UnrealEngineProjects/FreeThem-MFGJ2021Summer-/Game/Content/Blueprints/Actors/Level1/PokerCards/T_8Diamonds_Mat.uasset" 337
"../../../../../../langlang/Mr Moooo/UnrealEngineProjects/FreeThem-MFGJ2021Summer-/Game/Content/Blueprints/Actors/Level1/PokerCards/T_7Diamonds.uasset" 338
"../../../../../../langlang/Mr Moooo/UnrealEngineProjects/FreeThem-MFGJ2021Summer-/Game/Content/Blueprints/Actors/Level1/PokerCards/T_7Diamonds_Mat.uasset" 339
"../../../../../../langlang/Mr Moooo/UnrealEngineProjects/FreeThem-MFGJ2021Summer-/Game/Content/Blueprints/Actors/Level1/PokerCards/T_6Spades.uasset" 340
"../../../../../../langlang/Mr Moooo/UnrealEngineProjects/FreeThem-MFGJ2021Summer-/Game/Content/Blueprints/Actors/Level1/PokerCards/T_6Spades_Mat.uasset" 341
"../../../../../../langlang/Mr Moooo/UnrealEngineProjects/FreeThem-MFGJ2021Summer-/Game/Content/Blueprints/Actors/Level1/PokerCards/T_5Diamonds.uasset" 342
"../../../../../../langlang/Mr Moooo/UnrealEngineProjects/FreeThem-MFGJ2021Summer-/Game/Content/Blueprints/Actors/Level1/PokerCards/T_5Diamonds_Mat.uasset" 343
"../../../../../../langlang/Mr Moooo/UnrealEngineProjects/FreeThem-MFGJ2021Summer-/Game/Content/Blueprints/Actors/Level1/PokerCards/T_4Hearts.uasset" 344
"../../../../../../langlang/Mr Moooo/UnrealEngineProjects/FreeThem-MFGJ2021Summer-/Game/Content/Blueprints/Actors/Level1/PokerCards/T_4Hearts_Mat.uasset" 345
"../../../../../../langlang/Mr Moooo/UnrealEngineProjects/FreeThem-MFGJ2021Summer-/Game/Content/Blueprints/Actors/Level1/PokerCards/T_2Hearts.uasset" 346
"../../../../../../langlang/Mr Moooo/UnrealEngineProjects/FreeThem-MFGJ2021Summer-/Game/Content/Blueprints/Actors/Level1/PokerCards/T_2Hearts_Mat.uasset" 347
"../../../../../../langlang/Mr Moooo/UnrealEngineProjects/FreeThem-MFGJ2021Summer-/Game/Content/Blueprints/Actors/Level1/PokerCards/T_2Clubs.uasset" 348
"../../../../../../langlang/Mr Moooo/UnrealEngineProjects/FreeThem-MFGJ2021Summer-/Game/Content/Blueprints/Actors/Level1/PokerCards/T_2Clubs_Mat.uasset" 349
"../../../../../../langlang/Mr Moooo/UnrealEngineProjects/FreeThem-MFGJ2021Summer-/Game/Content/Blueprints/Actors/Level1/PokerCards/T_10Diamonds.uasset" 350
"../../../../../../langlang/Mr Moooo/UnrealEngineProjects/FreeThem-MFGJ2021Summer-/Game/Content/Blueprints/Actors/Level1/PokerCards/T_10Diamonds_Mat.uasset" 351
"../../../../../../langlang/Mr Moooo/UnrealEngineProjects/FreeThem-MFGJ2021Summer-/Game/Content/Blueprints/Actors/Level1/PokerCards/T_10Clubs.uasset" 352
"../../../../../../langlang/Mr Moooo/UnrealEngineProjects/FreeThem-MFGJ2021Summer-/Game/Content/Blueprints/Actors/Level1/PokerCards/T_10Clubs_Mat.uasset" 353
"../../../../../../langlang/Mr Moooo/UnrealEngineProjects/FreeThem-MFGJ2021Summer-/Game/Content/Blueprints/Actors/Level1/Mathsheet/T_Mathsheets.uasset" 354
"../../../../../../langlang/Mr Moooo/UnrealEngineProjects/FreeThem-MFGJ2021Summer-/Game/Content/Blueprints/Actors/Level1/Mathsheet/M_Mathsheets_Mat.uasset" 355
"../../../../../../langlang/Mr Moooo/UnrealEngineProjects/FreeThem-MFGJ2021Summer-/Game/Content/Blueprints/Actors/Level1/Maps/T_Prison_Map_HallwayNearC.uasset" 356
"../../../../../../langlang/Mr Moooo/UnrealEngineProjects/FreeThem-MFGJ2021Summer-/Game/Content/Blueprints/Actors/Level1/Maps/M_Prison_Map_HallwayNearC_Mat.uasset" 357
"../../../../../../langlang/Mr Moooo/UnrealEngineProjects/FreeThem-MFGJ2021Summer-/Game/Content/Blueprints/Actors/Level1/Maps/T_Prison_Map_CellA.uasset" 358
"../../../../../../langlang/Mr Moooo/UnrealEngineProjects/FreeThem-MFGJ2021Summer-/Game/Content/Blueprints/Actors/Level1/Maps/M_Prison_Map_CellsA_Mat.uasset" 359
"../../../../../../langlang/Mr Moooo/UnrealEngineProjects/FreeThem-MFGJ2021Summer-/Game/Content/Blueprints/Actors/Level1/Maps/T_Prison_Map_CellCAndStorage.uasset" 360
"../../../../../../langlang/Mr Moooo/UnrealEngineProjects/FreeThem-MFGJ2021Summer-/Game/Content/Blueprints/Actors/Level1/Maps/M_Prison_Map_CellCAndStorage_Mat.uasset" 361
"../../../../../../langlang/Mr Moooo/UnrealEngineProjects/FreeThem-MFGJ2021Summer-/Game/Content/Blueprints/Actors/Level1/Maps/T_Prison_Map_Cafe.uasset" 362
"../../../../../../langlang/Mr Moooo/UnrealEngineProjects/FreeThem-MFGJ2021Summer-/Game/Content/Blueprints/Actors/Level1/Maps/M_Prison_Map_Cafe_Mat.uasset" 363
"../../../../../../langlang/Mr Moooo/UnrealEngineProjects/FreeThem-MFGJ2021Summer-/Game/Content/Blueprints/Actors/Level1/GymFloor/T_WeightsDecal.uasset" 364
"../../../../../../langlang/Mr Moooo/UnrealEngineProjects/FreeThem-MFGJ2021Summer-/Game/Content/Blueprints/Actors/Level1/GymFloor/M_WeightsDecal.uasset" 365
"../../../../../../langlang/Mr Moooo/UnrealEngineProjects/FreeThem-MFGJ2021Summer-/Game/Content/Blueprints/Actors/Level1/GymFloor/T_Origin.uasset" 366
"../../../../../../langlang/Mr Moooo/UnrealEngineProjects/FreeThem-MFGJ2021Summer-/Game/Content/Blueprints/Actors/Level1/GymFloor/M_Origin.uasset" 367
"../../../../../../langlang/Mr Moooo/UnrealEngineProjects/FreeThem-MFGJ2021Summer-/Game/Content/Blueprints/Actors/Level1/GymFloor/T_GymFloor.uasset" 368
"../../../../../../langlang/Mr Moooo/UnrealEngineProjects/FreeThem-MFGJ2021Summer-/Game/Content/Blueprints/Actors/Level1/GymFloor/M_GymFloor.uasset" 369
"../../../../../../langlang/Mr Moooo/UnrealEngineProjects/FreeThem-MFGJ2021Summer-/Game/Content/Blueprints/Actors/Level1/Decals/T_Prison_GapDecal.uasset" 370
"../../../../../../langlang/Mr Moooo/UnrealEngineProjects/FreeThem-MFGJ2021Summer-/Game/Content/Blueprints/Actors/Level1/Decals/M_Prison_JumpGap_Mat.uasset" 371
"../../../../../../langlang/Mr Moooo/UnrealEngineProjects/FreeThem-MFGJ2021Summer-/Game/Content/Blueprints/Actors/Level1/Decals/T_Decal_Exit.uasset" 372
"../../../../../../langlang/Mr Moooo/UnrealEngineProjects/FreeThem-MFGJ2021Summer-/Game/Content/Blueprints/Actors/Level1/Decals/M_Prison_Exit_Mat.uasset" 373
"../../../../../../langlang/Mr Moooo/UnrealEngineProjects/FreeThem-MFGJ2021Summer-/Game/Content/Blueprints/Actors/Level1/Decals/T_WardenHintDecal.uasset" 374
"../../../../../../langlang/Mr Moooo/UnrealEngineProjects/FreeThem-MFGJ2021Summer-/Game/Content/Blueprints/Actors/Level1/Decals/M_Prison_Decal_WardenHint.uasset" 375
"../../../../../../langlang/Mr Moooo/UnrealEngineProjects/FreeThem-MFGJ2021Summer-/Game/Content/Blueprints/Actors/Level1/Decals/T_WDecal.uasset" 376
"../../../../../../langlang/Mr Moooo/UnrealEngineProjects/FreeThem-MFGJ2021Summer-/Game/Content/Blueprints/Actors/Level1/Decals/M_Prison_Decal_W.uasset" 377
"../../../../../../langlang/Mr Moooo/UnrealEngineProjects/FreeThem-MFGJ2021Summer-/Game/Content/Blueprints/Actors/Level1/Decals/T_SDecal.uasset" 378
"../../../../../../langlang/Mr Moooo/UnrealEngineProjects/FreeThem-MFGJ2021Summer-/Game/Content/Blueprints/Actors/Level1/Decals/M_Prison_Decal_S.uasset" 379
"../../../../../../langlang/Mr Moooo/UnrealEngineProjects/FreeThem-MFGJ2021Summer-/Game/Content/Blueprints/Actors/Level1/Decals/T_RDecal.uasset" 380
"../../../../../../langlang/Mr Moooo/UnrealEngineProjects/FreeThem-MFGJ2021Summer-/Game/Content/Blueprints/Actors/Level1/Decals/M_Prison_Decal_R.uasset" 381
"../../../../../../langlang/Mr Moooo/UnrealEngineProjects/FreeThem-MFGJ2021Summer-/Game/Content/Blueprints/Actors/Level1/Decals/T_QueenOfSpadesDecal.uasset" 382
"../../../../../../langlang/Mr Moooo/UnrealEngineProjects/FreeThem-MFGJ2021Summer-/Game/Content/Blueprints/Actors/Level1/Decals/M_Prison_Decal_QueenOfSpades.uasset" 383
"../../../../../../langlang/Mr Moooo/UnrealEngineProjects/FreeThem-MFGJ2021Summer-/Game/Content/Blueprints/Actors/Level1/Decals/T_PhoneLettersDecal.uasset" 384
"../../../../../../langlang/Mr Moooo/UnrealEngineProjects/FreeThem-MFGJ2021Summer-/Game/Content/Blueprints/Actors/Level1/Decals/M_Prison_Decal_PhoneLetters.uasset" 385
"../../../../../../langlang/Mr Moooo/UnrealEngineProjects/FreeThem-MFGJ2021Summer-/Game/Content/Blueprints/Actors/Level1/Decals/T_ODecal.uasset" 386
"../../../../../../langlang/Mr Moooo/UnrealEngineProjects/FreeThem-MFGJ2021Summer-/Game/Content/Blueprints/Actors/Level1/Decals/M_Prison_Decal_O.uasset" 387
"../../../../../../langlang/Mr Moooo/UnrealEngineProjects/FreeThem-MFGJ2021Summer-/Game/Content/Blueprints/Actors/Level1/Decals/T_GDecal.uasset" 388
"../../../../../../langlang/Mr Moooo/UnrealEngineProjects/FreeThem-MFGJ2021Summer-/Game/Content/Blueprints/Actors/Level1/Decals/M_Prison_Decal_G.uasset" 389
"../../../../../../langlang/Mr Moooo/UnrealEngineProjects/FreeThem-MFGJ2021Summer-/Game/Content/Blueprints/Actors/Level1/Decals/T_CDecal.uasset" 390
"../../../../../../langlang/Mr Moooo/UnrealEngineProjects/FreeThem-MFGJ2021Summer-/Game/Content/Blueprints/Actors/Level1/Decals/M_Prison_Decal_C.uasset" 391
"../../../../../../langlang/Mr Moooo/UnrealEngineProjects/FreeThem-MFGJ2021Summer-/Game/Content/Blueprints/Actors/Level1/Decals/T_BDecal.uasset" 392
"../../../../../../langlang/Mr Moooo/UnrealEngineProjects/FreeThem-MFGJ2021Summer-/Game/Content/Blueprints/Actors/Level1/Decals/M_Prison_Decal_B.uasset" 393
"../../../../../../langlang/Mr Moooo/UnrealEngineProjects/FreeThem-MFGJ2021Summer-/Game/Content/Blueprints/Actors/Level1/Decals/T_Prison_Decal7.uasset" 394
"../../../../../../langlang/Mr Moooo/UnrealEngineProjects/FreeThem-MFGJ2021Summer-/Game/Content/Blueprints/Actors/Level1/Decals/M_Prison_Decal7_Mat.uasset" 395
"../../../../../../langlang/Mr Moooo/UnrealEngineProjects/FreeThem-MFGJ2021Summer-/Game/Content/Blueprints/Actors/Level1/Decals/T_Prison_Decal4.uasset" 396
"../../../../../../langlang/Mr Moooo/UnrealEngineProjects/FreeThem-MFGJ2021Summer-/Game/Content/Blueprints/Actors/Level1/Decals/M_Prison_Decal4_Mat.uasset" 397
"../../../../../../langlang/Mr Moooo/UnrealEngineProjects/FreeThem-MFGJ2021Summer-/Game/Content/Blueprints/Actors/Level1/Decals/T_Prison_Decal3.uasset" 398
"../../../../../../langlang/Mr Moooo/UnrealEngineProjects/FreeThem-MFGJ2021Summer-/Game/Content/Blueprints/Actors/Level1/Decals/M_Prison_Decal3_Mat.uasset" 399
"../../../../../../langlang/Mr Moooo/UnrealEngineProjects/FreeThem-MFGJ2021Summer-/Game/Content/Blueprints/Actors/Level1/Decals/T_Prison_Decal1.uasset" 400
"../../../../../../langlang/Mr Moooo/UnrealEngineProjects/FreeThem-MFGJ2021Summer-/Game/Content/Blueprints/Actors/Level1/Decals/M_Prison_Decal1_Mat.uasset" 401
"../../../Engine/Content/EngineSky/M_Sky_Panning_Clouds2.uasset" 402
"../../../../../../langlang/Mr Moooo/UnrealEngineProjects/FreeThem-MFGJ2021Summer-/Game/Content/SoundFX/Footsteps/Footsteps3.uasset" 403
"../../../../../../langlang/Mr Moooo/UnrealEngineProjects/FreeThem-MFGJ2021Summer-/Game/Content/SoundFX/Footsteps/Footsteps1.uasset" 404
"../../../../../../langlang/Mr Moooo/UnrealEngineProjects/FreeThem-MFGJ2021Summer-/Game/Content/SoundFX/Footsteps/Footsteps2.uasset" 405
"../../../../../../langlang/Mr Moooo/UnrealEngineProjects/FreeThem-MFGJ2021Summer-/Game/Content/SoundFX/Footsteps/Footsteps4.uasset" 406
"../../../../../../langlang/Mr Moooo/UnrealEngineProjects/FreeThem-MFGJ2021Summer-/Game/Content/SoundFX/Footsteps/Footsteps_Cue.uasset" 407
"../../../Engine/Content/BasicShapes/Sphere.uasset" 408
"../../../../../../langlang/Mr Moooo/UnrealEngineProjects/FreeThem-MFGJ2021Summer-/Game/Content/Blueprints/Player/CircleFace.uasset" 409
"../../../../../../langlang/Mr Moooo/UnrealEngineProjects/FreeThem-MFGJ2021Summer-/Game/Content/Blueprints/Player/CircleFace_Mat.uasset" 410
"../../../../../../langlang/Mr Moooo/UnrealEngineProjects/FreeThem-MFGJ2021Summer-/Game/Content/Blueprints/Actors/Flashlight/Materials/M_Flashlight.uasset" 411
"../../../../../../langlang/Mr Moooo/UnrealEngineProjects/FreeThem-MFGJ2021Summer-/Game/Content/Blueprints/Actors/Flashlight/SM_Flashlight.uasset" 412
"../../../../../../langlang/Mr Moooo/UnrealEngineProjects/FreeThem-MFGJ2021Summer-/Game/Content/Blueprints/Actors/Flashlight/BP_Flashlight.uasset" 413
"../../../../../../langlang/Mr Moooo/UnrealEngineProjects/FreeThem-MFGJ2021Summer-/Game/Content/Blueprints/Structs/ST_ConversationQueue.uasset" 414
"../../../../../../langlang/Mr Moooo/UnrealEngineProjects/FreeThem-MFGJ2021Summer-/Game/Content/UI/W_Convo.uasset" 415
"../../../../../../langlang/Mr Moooo/UnrealEngineProjects/FreeThem-MFGJ2021Summer-/Game/Content/UI/UIIcons/T_Resume.uasset" 416
"../../../../../../langlang/Mr Moooo/UnrealEngineProjects/FreeThem-MFGJ2021Summer-/Game/Content/UI/UIIcons/T_ReturnMenu.uasset" 417
"../../../../../../langlang/Mr Moooo/UnrealEngineProjects/FreeThem-MFGJ2021Summer-/Game/Content/UI/W_Paused.uasset" 418
"../../../../../../langlang/Mr Moooo/UnrealEngineProjects/FreeThem-MFGJ2021Summer-/Game/Content/UI/W_Player.uasset" 419
"../../../../../../langlang/Mr Moooo/UnrealEngineProjects/FreeThem-MFGJ2021Summer-/Game/Content/Blueprints/Player/BP_EscapeCharacter.uasset" 420
"../../../../../../langlang/Mr Moooo/UnrealEngineProjects/FreeThem-MFGJ2021Summer-/Game/Content/Blueprints/GameMode/GM_EscapeGameModeBase.uasset" 421
"../../../../../../langlang/Mr Moooo/UnrealEngineProjects/FreeThem-MFGJ2021Summer-/Game/Content/Blueprints/Actors/Level1/SewerTube/Trains/Materials/M_Wood.uasset" 422
"../../../../../../langlang/Mr Moooo/UnrealEngineProjects/FreeThem-MFGJ2021Summer-/Game/Content/Blueprints/Actors/Level1/Workshop/SM_Rack.uasset" 423
"../../../../../../langlang/Mr Moooo/UnrealEngineProjects/FreeThem-MFGJ2021Summer-/Game/Content/Blueprints/Actors/Level1/Workshop/BP_Rack.uasset" 424
"../../../../../../langlang/Mr Moooo/UnrealEngineProjects/FreeThem-MFGJ2021Summer-/Game/Content/Blueprints/Actors/Level1/Workshop/M_Orange.uasset" 425
"../../../../../../langlang/Mr Moooo/UnrealEngineProjects/FreeThem-MFGJ2021Summer-/Game/Content/Blueprints/Actors/Level1/SewerTube/Trains/StaticMeshes/Suwbay/M_White.uasset" 426
"../../../../../../langlang/Mr Moooo/UnrealEngineProjects/FreeThem-MFGJ2021Summer-/Game/Content/Blueprints/Actors/Level1/Workshop/SM_DznrCone.uasset" 427
"../../../../../../langlang/Mr Moooo/UnrealEngineProjects/FreeThem-MFGJ2021Summer-/Game/Content/SoundFX/PlasticSFX/Plastic_Clank4.uasset" 428
"../../../../../../langlang/Mr Moooo/UnrealEngineProjects/FreeThem-MFGJ2021Summer-/Game/Content/SoundFX/PlasticSFX/Plastic_Clank2.uasset" 429
"../../../../../../langlang/Mr Moooo/UnrealEngineProjects/FreeThem-MFGJ2021Summer-/Game/Content/SoundFX/PlasticSFX/Plastic_Clank5.uasset" 430
"../../../../../../langlang/Mr Moooo/UnrealEngineProjects/FreeThem-MFGJ2021Summer-/Game/Content/SoundFX/PlasticSFX/Plastic_Clank3.uasset" 431
"../../../../../../langlang/Mr Moooo/UnrealEngineProjects/FreeThem-MFGJ2021Summer-/Game/Content/SoundFX/PlasticSFX/Plastic_Clank1.uasset" 432
"../../../../../../langlang/Mr Moooo/UnrealEngineProjects/FreeThem-MFGJ2021Summer-/Game/Content/SoundFX/PlasticSFX/Plastic_Cue.uasset" 433
"../../../../../../langlang/Mr Moooo/UnrealEngineProjects/FreeThem-MFGJ2021Summer-/Game/Content/Blueprints/Actors/Level1/Workshop/BP_DZNRCone.uasset" 434
"../../../../../../langlang/Mr Moooo/UnrealEngineProjects/FreeThem-MFGJ2021Summer-/Game/Content/Blueprints/Actors/Level1/Workshop/SM_UNDZNRCone.uasset" 435
"../../../../../../langlang/Mr Moooo/UnrealEngineProjects/FreeThem-MFGJ2021Summer-/Game/Content/Blueprints/Actors/Level1/Workshop/BP_Cone.uasset" 436
"../../../../../../langlang/Mr Moooo/UnrealEngineProjects/FreeThem-MFGJ2021Summer-/Game/Content/Blueprints/Actors/Level1/Weight/BP_Dumbells.uasset" 437
"../../../../../../langlang/Mr Moooo/UnrealEngineProjects/FreeThem-MFGJ2021Summer-/Game/Content/Blueprints/Actors/Level1/Visitation/M_ChairStem.uasset" 438
"../../../../../../langlang/Mr Moooo/UnrealEngineProjects/FreeThem-MFGJ2021Summer-/Game/Content/Blueprints/Actors/Level1/Visitation/SM_VisitationChair.uasset" 439
"../../../../../../langlang/Mr Moooo/UnrealEngineProjects/FreeThem-MFGJ2021Summer-/Game/Content/Blueprints/Actors/Level1/Visitation/BP_VisitationChair.uasset" 440
"../../../../../../langlang/Mr Moooo/UnrealEngineProjects/FreeThem-MFGJ2021Summer-/Game/Content/Blueprints/Actors/Level1/Vent/BP_VentV2.uasset" 441
"../../../../../../langlang/Mr Moooo/UnrealEngineProjects/FreeThem-MFGJ2021Summer-/Game/Content/Blueprints/Actors/Level1/Terminal/SM_TerminalScreen.uasset" 442
"../../../../../../langlang/Mr Moooo/UnrealEngineProjects/FreeThem-MFGJ2021Summer-/Game/Content/Blueprints/Actors/Level1/Terminal/W_CellsATerminal.uasset" 443
"../../../../../../langlang/Mr Moooo/UnrealEngineProjects/FreeThem-MFGJ2021Summer-/Game/Content/Blueprints/Actors/Level1/Terminal/M_Computer.uasset" 444
"../../../../../../langlang/Mr Moooo/UnrealEngineProjects/FreeThem-MFGJ2021Summer-/Game/Content/Blueprints/Actors/Level1/Terminal/SM_TerminalBottom.uasset" 445
"../../../../../../langlang/Mr Moooo/UnrealEngineProjects/FreeThem-MFGJ2021Summer-/Game/Content/Blueprints/Actors/M_Black.uasset" 446
"../../../../../../langlang/Mr Moooo/UnrealEngineProjects/FreeThem-MFGJ2021Summer-/Game/Content/Blueprints/Actors/Level1/Terminal/BP_Terminal.uasset" 447
"../../../../../../langlang/Mr Moooo/UnrealEngineProjects/FreeThem-MFGJ2021Summer-/Game/Content/Blueprints/Actors/Level1/SewerTube/P_SewerWind.uasset" 448
"../../../../../../langlang/Mr Moooo/UnrealEngineProjects/FreeThem-MFGJ2021Summer-/Game/Content/Blueprints/Actors/Level1/SewerTube/M_Particle_Wind_Mat.uasset" 449
"../../../../../../langlang/Mr Moooo/UnrealEngineProjects/FreeThem-MFGJ2021Summer-/Game/Content/Blueprints/Actors/Level1/SewerTube/P_SmellySewers.uasset" 450
"../../../../../../langlang/Mr Moooo/UnrealEngineProjects/FreeThem-MFGJ2021Summer-/Game/Content/Blueprints/Actors/Level1/SewerTube/M_PipeDividers.uasset" 451
"../../../../../../langlang/Mr Moooo/UnrealEngineProjects/FreeThem-MFGJ2021Summer-/Game/Content/Blueprints/Actors/Level1/SewerTube/M_Pipe.uasset" 452
"../../../../../../langlang/Mr Moooo/UnrealEngineProjects/FreeThem-MFGJ2021Summer-/Game/Content/Blueprints/Actors/Level1/SewerTube/SM_Sewers.uasset" 453
"../../../../../../langlang/Mr Moooo/UnrealEngineProjects/FreeThem-MFGJ2021Summer-/Game/Content/Blueprints/Actors/Level1/SewerTube/BP_SewerTubeSection.uasset" 454
"../../../../../../langlang/Mr Moooo/UnrealEngineProjects/FreeThem-MFGJ2021Summer-/Game/Content/Blueprints/Actors/Level1/SewerTube/SM_Sewers_Start_Sewers_Start.uasset" 455
"../../../../../../langlang/Mr Moooo/UnrealEngineProjects/FreeThem-MFGJ2021Summer-/Game/Content/Blueprints/Actors/Level1/SewerTube/M_Wheel.uasset" 456
"../../../../../../langlang/Mr Moooo/UnrealEngineProjects/FreeThem-MFGJ2021Summer-/Game/Content/Blueprints/Actors/Level1/SewerTube/SM_Sewers_Start_Sewers_Handle.uasset" 457
"../../../../../../langlang/Mr Moooo/UnrealEngineProjects/FreeThem-MFGJ2021Summer-/Game/Content/Blueprints/Actors/Level1/SewerTube/BP_Sewer_TurnHandle.uasset" 458
"../../../../../../langlang/Mr Moooo/UnrealEngineProjects/FreeThem-MFGJ2021Summer-/Game/Content/Blueprints/Actors/Level1/SewerTube/BP_SewerTubeEntry.uasset" 459
"../../../../../../langlang/Mr Moooo/UnrealEngineProjects/FreeThem-MFGJ2021Summer-/Game/Content/Blueprints/Actors/Level1/SewerTube/BP_SewerGenerator.uasset" 460
"../../../../../../langlang/Mr Moooo/UnrealEngineProjects/FreeThem-MFGJ2021Summer-/Game/Content/Blueprints/Actors/Level1/PokerCards/T_QueenSpades.uasset" 461
"../../../../../../langlang/Mr Moooo/UnrealEngineProjects/FreeThem-MFGJ2021Summer-/Game/Content/Blueprints/Actors/Level1/PokerCards/T_QueenSpades_Mat.uasset" 462
"../../../../../../langlang/Mr Moooo/UnrealEngineProjects/FreeThem-MFGJ2021Summer-/Game/Content/StarterContent/Materials/M_Basic_Wall.uasset" 463
"../../../../../../langlang/Mr Moooo/UnrealEngineProjects/FreeThem-MFGJ2021Summer-/Game/Content/Blueprints/Actors/Level1/PokerCards/SM_PokerCard.uasset" 464
"../../../../../../langlang/Mr Moooo/UnrealEngineProjects/FreeThem-MFGJ2021Summer-/Game/Content/StarterContent/Shapes/Shape_Cube.uasset" 465
"../../../../../../langlang/Mr Moooo/UnrealEngineProjects/FreeThem-MFGJ2021Summer-/Game/Content/Blueprints/Actors/Level1/KeyCard/BP_KeyCardV3.uasset" 466
"../../../../../../langlang/Mr Moooo/UnrealEngineProjects/FreeThem-MFGJ2021Summer-/Game/Content/Blueprints/Actors/Level1/PokerCards/BP_WardenPokerCard.uasset" 467
"../../../../../../langlang/Mr Moooo/UnrealEngineProjects/FreeThem-MFGJ2021Summer-/Game/Content/Blueprints/Actors/Level1/PokerCards/BP_PlayingCard.uasset" 468
"../../../../../../langlang/Mr Moooo/UnrealEngineProjects/FreeThem-MFGJ2021Summer-/Game/Content/StarterContent/Materials/M_AssetPlatform.uasset" 469
"../../../../../../langlang/Mr Moooo/UnrealEngineProjects/FreeThem-MFGJ2021Summer-/Game/Content/Blueprints/Actors/Level1/Kitchen/BP_Microwave.uasset" 470
"../../../../../../langlang/Mr Moooo/UnrealEngineProjects/FreeThem-MFGJ2021Summer-/Game/Content/Blueprints/Actors/Level1/Kitchen/BP_Fridge.uasset" 471
"../../../../../../langlang/Mr Moooo/UnrealEngineProjects/FreeThem-MFGJ2021Summer-/Game/Content/Blueprints/Actors/Level1/KeyPad/M_Key.uasset" 472
"../../../../../../langlang/Mr Moooo/UnrealEngineProjects/FreeThem-MFGJ2021Summer-/Game/Content/Blueprints/Actors/Level1/KeyPad/SM_PrisonKey.uasset" 473
"../../../../../../langlang/Mr Moooo/UnrealEngineProjects/FreeThem-MFGJ2021Summer-/Game/Content/Blueprints/Actors/Level1/KeyPad/M_KeypadMain.uasset" 474
"../../../../../../langlang/Mr Moooo/UnrealEngineProjects/FreeThem-MFGJ2021Summer-/Game/Content/Blueprints/Actors/Level1/KeyPad/M_Screen.uasset" 475
"../../../../../../langlang/Mr Moooo/UnrealEngineProjects/FreeThem-MFGJ2021Summer-/Game/Content/Blueprints/Actors/Level1/KeyPad/SM_PrisonKeypad.uasset" 476
"../../../../../../langlang/Mr Moooo/UnrealEngineProjects/FreeThem-MFGJ2021Summer-/Game/Content/Blueprints/Actors/Level1/KeyPad/Enum_KeyType.uasset" 477
"../../../../../../langlang/Mr Moooo/UnrealEngineProjects/FreeThem-MFGJ2021Summer-/Game/Content/Blueprints/Actors/Level1/KeyPad/BP_PrisonKeypad.uasset" 478
"../../../../../../langlang/Mr Moooo/UnrealEngineProjects/FreeThem-MFGJ2021Summer-/Game/Content/Blueprints/Actors/Level1/KeyPad/BP_PrisonKeypadKey.uasset" 479
"../../../../../../langlang/Mr Moooo/UnrealEngineProjects/FreeThem-MFGJ2021Summer-/Game/Content/SoundFX/KeyMetal/SmallMetal5.uasset" 480
"../../../../../../langlang/Mr Moooo/UnrealEngineProjects/FreeThem-MFGJ2021Summer-/Game/Content/SoundFX/KeyMetal/SmallMetal4.uasset" 481
"../../../../../../langlang/Mr Moooo/UnrealEngineProjects/FreeThem-MFGJ2021Summer-/Game/Content/SoundFX/KeyMetal/SmallMetal3.uasset" 482
"../../../../../../langlang/Mr Moooo/UnrealEngineProjects/FreeThem-MFGJ2021Summer-/Game/Content/SoundFX/KeyMetal/SmallMetal1.uasset" 483
"../../../../../../langlang/Mr Moooo/UnrealEngineProjects/FreeThem-MFGJ2021Summer-/Game/Content/SoundFX/KeyMetal/SmallMetal2.uasset" 484
"../../../../../../langlang/Mr Moooo/UnrealEngineProjects/FreeThem-MFGJ2021Summer-/Game/Content/SoundFX/KeyMetal/SmallMetal_Cue.uasset" 485
"../../../../../../langlang/Mr Moooo/UnrealEngineProjects/FreeThem-MFGJ2021Summer-/Game/Content/Blueprints/Actors/Level1/Key/BP_KeyCells.uasset" 486
"../../../../../../langlang/Mr Moooo/UnrealEngineProjects/FreeThem-MFGJ2021Summer-/Game/Content/Blueprints/Actors/Level1/GymFloor/SM_GymDestructibleFloor.uasset" 487
"../../../../../../langlang/Mr Moooo/UnrealEngineProjects/FreeThem-MFGJ2021Summer-/Game/Content/Blueprints/Actors/Level1/GymFloor/BP_GymDestructibleFloor.uasset" 488
"../../../../../../langlang/Mr Moooo/UnrealEngineProjects/FreeThem-MFGJ2021Summer-/Game/Content/Blueprints/Actors/Level1/Cell/BP_Door_Prison.uasset" 489
"../../../../../../langlang/Mr Moooo/UnrealEngineProjects/FreeThem-MFGJ2021Summer-/Game/Content/Blueprints/Actors/Level1/Box/BP_StorageBox.uasset" 490
"../../../../../../langlang/Mr Moooo/UnrealEngineProjects/FreeThem-MFGJ2021Summer-/Game/Content/Blueprints/Actors/Level1/Bench/M_Bench.uasset" 491
"../../../../../../langlang/Mr Moooo/UnrealEngineProjects/FreeThem-MFGJ2021Summer-/Game/Content/Blueprints/Actors/Level1/Bench/SM_Bench.uasset" 492
"../../../../../../langlang/Mr Moooo/UnrealEngineProjects/FreeThem-MFGJ2021Summer-/Game/Content/Blueprints/Actors/Level1/Bench/BP_Bench.uasset" 493
"../../../../../../langlang/Mr Moooo/UnrealEngineProjects/FreeThem-MFGJ2021Summer-/Game/Content/Blueprints/Actors/BP_NamePlate.uasset" 494
"../../../../../../langlang/Mr Moooo/UnrealEngineProjects/FreeThem-MFGJ2021Summer-/Game/Content/Blueprints/Actors/BP_ConvoActivator.uasset" 495
"../../../Engine/Content/EngineSky/C_Sky_Horizon_Color.uasset" 496
"../../../Engine/Content/EngineSky/C_Sky_Cloud_Color.uasset" 497
"../../../Engine/Content/EngineSky/C_Sky_Zenith_Color.uasset" 498
"../../../Engine/Content/EngineSky/SM_SkySphere.uasset" 499
"../../../Engine/Content/EngineSky/BP_Sky_Sphere.uasset" 500
"../../../../../../langlang/Mr Moooo/UnrealEngineProjects/FreeThem-MFGJ2021Summer-/Game/Content/Maps/Level1.umap" 501
"../../../Engine/Content/Maps/Entry_BuiltData.uasset" 502
"../../../Engine/Content/Maps/Entry.umap" 503
