"../../../../../repo/MyFirstGameJamSubmittion2021SUMmer/Game/Content/UI/W_DetailsHoverTab.uasset" 0
"../../../../../repo/MyFirstGameJamSubmittion2021SUMmer/Game/Content/UI/UIIcons/T_JailBackground.uasset" 1
"../../../Engine/Content/EngineMaterials/T_Default_Material_Grid_N.uasset" 2
"../../../Engine/Content/EngineMaterials/T_Default_Material_Grid_M.uasset" 3
"../../../Engine/Content/Functions/Engine_MaterialFunctions01/Opacity/CameraDepthFade.uasset" 4
"../../../Engine/Content/EngineMaterials/WorldGridMaterial.uasset" 5
"../../../Engine/Content/ArtTools/RenderToTexture/Meshes/S_1_Unit_Plane.uasset" 6
"../../../Engine/Content/EngineMaterials/DefaultMaterial.uasset" 7
"../../../Engine/Content/BasicShapes/Cone.uasset" 8
"../../../Engine/Content/EditorLandscapeResources/DataLayer.uasset" 9
"../../../Engine/Content/EditorLandscapeResources/DefaultAlphaTexture.uasset" 10
"../../../Engine/Content/EditorMaterials/MAT_Groups_Toggle.uasset" 11
"../../../Engine/Content/EditorMaterials/MAT_Groups_Visibility.uasset" 12
"../../../Engine/Content/EditorMaterials/PreviewShadowIndicator.uasset" 13
"../../../Engine/Content/EditorMaterials/PreviewShadowIndicatorMaterial.uasset" 14
"../../../Engine/Content/EditorMaterials/MatineeGroups/MAT_ColorTrack.uasset" 15
"../../../Engine/Content/EditorMaterials/MatineeGroups/MAT_Groups_Anim.uasset" 16
"../../../Engine/Content/EditorMaterials/MatineeGroups/MAT_Groups_AudioMaster.uasset" 17
"../../../Engine/Content/EditorMaterials/MatineeGroups/MAT_Groups_Director.uasset" 18
"../../../Engine/Content/EditorMaterials/MatineeGroups/MAT_Groups_Event.uasset" 19
"../../../Engine/Content/EditorMaterials/MatineeGroups/MAT_Groups_Fade.uasset" 20
"../../../Engine/Content/EditorMaterials/MatineeGroups/MAT_Groups_Float.uasset" 21
"../../../Engine/Content/EditorMaterials/MatineeGroups/MAT_Groups_Move.uasset" 22
"../../../Engine/Content/EditorMaterials/MatineeGroups/MAT_Groups_Slomo.uasset" 23
"../../../Engine/Content/EditorMaterials/MatineeGroups/MAT_Groups_Sound.uasset" 24
"../../../Engine/Content/EditorMaterials/MatineeGroups/MAT_Groups_Vector.uasset" 25
"../../../Engine/Content/EditorMaterials/ParticleSystems/PSysThumbnail_NoImage.uasset" 26
"../../../Engine/Content/EditorMaterials/ParticleSystems/PSysThumbnail_OOD.uasset" 27
"../../../Engine/Content/EditorMaterials/Camera/CineMat.uasset" 28
"../../../Engine/Content/EditorMaterials/Camera/MI_CineMat_Rig.uasset" 29
"../../../Engine/Content/EditorMeshes/Camera/SM_CraneRig_Arm.uasset" 30
"../../../Engine/Content/EditorMeshes/Camera/SM_CraneRig_Base.uasset" 31
"../../../Engine/Content/EditorMeshes/Camera/SM_CraneRig_Body.uasset" 32
"../../../Engine/Content/EditorMeshes/Camera/SM_CraneRig_Mount.uasset" 33
"../../../Engine/Content/EditorMeshes/Camera/SM_RailRig_Mount.uasset" 34
"../../../Engine/Content/EditorMeshes/Camera/SM_RailRig_Track.uasset" 35
"../../../Engine/Content/EditorResources/BSPVertex.uasset" 36
"../../../Engine/Content/EditorResources/EmptyActor.uasset" 37
"../../../Engine/Content/EditorResources/S_Actor.uasset" 38
"../../../Engine/Content/EditorResources/S_Note.uasset" 39
"../../../Engine/Content/EditorResources/S_Solver.uasset" 40
"../../../Engine/Content/EditorResources/S_Terrain.uasset" 41
"../../../Engine/Content/EditorResources/S_Trigger.uasset" 42
"../../../Engine/Content/EditorResources/LightIcons/S_LightError.uasset" 43
"../../../Engine/Content/EditorResources/SequenceRecorder/Countdown.uasset" 44
"../../../Engine/Content/EditorResources/SequenceRecorder/RecordingIndicator.uasset" 45
"../../../Engine/Content/EngineDamageTypes/DmgTypeBP_Environmental.uasset" 46
"../../../Engine/Content/EngineDebugMaterials/DebugEditorMaterial.uasset" 47
"../../../Engine/Content/EngineDebugMaterials/DebugMeshMaterial.uasset" 48
"../../../Engine/Content/EngineDebugMaterials/M_SimpleUnlitTranslucent.uasset" 49
"../../../Engine/Content/EngineDebugMaterials/VolumeToRender.uasset" 50
"../../../Engine/Content/Functions/Engine_MaterialFunctions02/Utility/CameraDirectionVector.uasset" 51
"../../../Engine/Content/EngineDebugMaterials/M_VolumeRenderSphereTracePP.uasset" 52
"../../../Engine/Content/Functions/Engine_MaterialFunctions01/Shading/ConvertFromDiffSpec.uasset" 53
"../../../Engine/Content/EngineDebugMaterials/VertexColorMaterial.uasset" 54
"../../../Engine/Content/EngineDebugMaterials/WireframeMaterial.uasset" 55
"../../../Engine/Content/EngineFonts/Faces/RobotoRegular.uasset" 56
"../../../Engine/Content/EngineFonts/Faces/RobotoLight.uasset" 57
"../../../Engine/Content/EngineFonts/Faces/RobotoItalic.uasset" 58
"../../../Engine/Content/EngineFonts/Faces/RobotoBoldItalic.uasset" 59
"../../../Engine/Content/EngineFonts/Faces/RobotoBold.uasset" 60
"../../../Engine/Content/EngineFonts/Faces/DroidSansFallback.uasset" 61
"../../../Engine/Content/EngineFonts/Roboto.uasset" 62
"../../../Engine/Content/EngineMaterials/BaseFlattenNormalMap.uasset" 63
"../../../Engine/Content/EngineMaterials/BaseFlattenGrayscaleMap.uasset" 64
"../../../Engine/Content/EngineMaterials/BaseFlattenEmissiveMap.uasset" 65
"../../../Engine/Content/EngineMaterials/BaseFlattenDiffuseMap.uasset" 66
"../../../Engine/Content/EngineMaterials/BaseFlattenMaterial.uasset" 67
"../../../Engine/Content/EngineMaterials/BlueNoise.uasset" 68
"../../../Engine/Content/EngineMaterials/DefaultBloomKernel.uasset" 69
"../../../Engine/Content/EngineMaterials/DefaultBokeh.uasset" 70
"../../../Engine/Content/EngineMaterials/DefaultDiffuse.uasset" 71
"../../../Engine/Content/EngineMaterials/DefaultDeferredDecalMaterial.uasset" 72
"../../../Engine/Content/EngineMaterials/DefaultLightFunctionMaterial.uasset" 73
"../../../Engine/Content/EngineMaterials/DefaultPhysicalMaterial.uasset" 74
"../../../Engine/Content/Functions/Engine_MaterialFunctions02/Utility/BreakOutFloat2Components.uasset" 75
"../../../Engine/Content/EngineMaterials/DefaultPostProcessMaterial.uasset" 76
"../../../Engine/Content/EngineFonts/RobotoDistanceField.uasset" 77
"../../../Engine/Content/EngineMaterials/DefaultTextMaterialOpaque.uasset" 78
"../../../Engine/Content/EngineMaterials/DefaultWhiteGrid.uasset" 79
"../../../Engine/Content/EngineMaterials/DefaultWhiteGrid_Low.uasset" 80
"../../../Engine/Content/EngineMaterials/EmissiveMeshMaterial.uasset" 81
"../../../Engine/Content/EngineMaterials/GizmoMaterial.uasset" 82
"../../../Engine/Content/EngineMaterials/Good64x64TilingNoiseHighFreq.uasset" 83
"../../../Engine/Content/EngineMaterials/MiniFont.uasset" 84
"../../../Engine/Content/EngineMaterials/InvalidLightmapSettings.uasset" 85
"../../../Engine/Content/EngineMaterials/M_InvalidLightmapSettings.uasset" 86
"../../../Engine/Content/Functions/Engine_MaterialFunctions02/WorldPositionOffset/CameraOffset.uasset" 87
"../../../Engine/Content/EngineMaterials/PhAT_JointLimitMaterial.uasset" 88
"../../../Engine/Content/EngineMaterials/PreintegratedSkinBRDF.uasset" 89
"../../../Engine/Content/EngineMaterials/RemoveSurfaceMaterial.uasset" 90
"../../../Engine/Content/EngineMaterials/WeightMapPlaceholderTexture.uasset" 91
"../../../Engine/Content/EngineResources/WhiteSquareTexture.uasset" 92
"../../../Engine/Content/EngineMaterials/Widget3DPassThrough.uasset" 93
"../../../Engine/Content/EngineMaterials/Widget3DPassThrough_Masked.uasset" 94
"../../../Engine/Content/EngineMaterials/Widget3DPassThrough_Opaque.uasset" 95
"../../../Engine/Content/EngineMaterials/Widget3DPassThrough_Masked_OneSided.uasset" 96
"../../../Engine/Content/EngineMaterials/Widget3DPassThrough_Opaque_OneSided.uasset" 97
"../../../Engine/Content/EngineMaterials/Widget3DPassThrough_Translucent.uasset" 98
"../../../Engine/Content/EngineMaterials/Widget3DPassThrough_Translucent_OneSided.uasset" 99
"../../../Engine/Content/EngineMeshes/Cylinder.uasset" 100
"../../../Engine/Content/EngineMeshes/Sphere.uasset" 101
"../../../Engine/Content/EngineResources/Black.uasset" 102
"../../../Engine/Content/EngineResources/DefaultTextureCube.uasset" 103
"../../../Engine/Content/EngineResources/DefaultVolumeTexture2D.uasset" 104
"../../../Engine/Content/EngineResources/DefaultVolumeTexture.uasset" 105
"../../../Engine/Content/EngineResources/GradientTexture0.uasset" 106
"../../../Engine/Content/EngineSky/VolumetricClouds/T_NoiseShape64.uasset" 107
"../../../Engine/Content/EngineSky/VolumetricClouds/T_VolumeNoiseShape64.uasset" 108
"../../../Engine/Content/EngineSky/VolumetricClouds/T_NoiseErosion.uasset" 109
"../../../Engine/Content/EngineSky/VolumetricClouds/T_VolumeNoiseErosion32.uasset" 110
"../../../Engine/Content/EngineSky/VolumetricClouds/CloudWeatherTexture.uasset" 111
"../../../Engine/Content/EngineSky/VolumetricClouds/CloudGradientTexture.uasset" 112
"../../../Engine/Content/Functions/Engine_MaterialFunctions02/Utility/MakeFloat2.uasset" 113
"../../../Engine/Content/EngineSky/VolumetricClouds/m_SimpleVolumetricCloud.uasset" 114
"../../../Engine/Content/EngineSky/VolumetricClouds/m_SimpleVolumetricCloud_Inst.uasset" 115
"../../../Engine/Content/EngineSounds/Master.uasset" 116
"../../../Engine/Content/Functions/Engine_MaterialFunctions01/Shading/PowerToRoughness.uasset" 117
"../../../Engine/Content/Maps/Templates/Thumbnails/Default.uasset" 118
"../../../Engine/Content/Maps/Templates/Thumbnails/TimeOfDay.uasset" 119
"../../../Engine/Content/Maps/Templates/Thumbnails/VR-Basic.uasset" 120
"../../../Engine/Content/MobileResources/T_MobileControls_texture.uasset" 121
"../../../Engine/Content/MobileResources/T_MobileMenu2.uasset" 122
"../../../Engine/Content/MobileResources/HUD/AnalogHat.uasset" 123
"../../../Engine/Content/MobileResources/HUD/VirtualJoystick_Thumb.uasset" 124
"../../../Engine/Content/MobileResources/HUD/VirtualJoystick_Background.uasset" 125
"../../../Engine/Content/MobileResources/HUD/DefaultVirtualJoysticks.uasset" 126
"../../../Engine/Content/MobileResources/HUD/LeftVirtualJoystickOnly.uasset" 127
"../../../Engine/Content/MobileResources/HUD/MobileHUDButton1_off.uasset" 128
"../../../Engine/Content/MobileResources/HUD/MobileHUDButton1_on.uasset" 129
"../../../Engine/Content/MobileResources/HUD/MobileHUDButton2_off.uasset" 130
"../../../Engine/Content/MobileResources/HUD/MobileHUDButton2_on.uasset" 131
"../../../Engine/Content/MobileResources/HUD/MobileHUDButton3.uasset" 132
"../../../Engine/Content/MobileResources/HUD/MobileHUDButtonFire.uasset" 133
"../../../Engine/Content/MobileResources/HUD/MobileHUDDirectionPad.uasset" 134
"../../../Engine/Content/MobileResources/HUD/MobileHUDDirectionPad2.uasset" 135
"../../../Engine/Content/MobileResources/HUD/MobileHUDDirectionPad3.uasset" 136
"../../../Engine/Content/MobileResources/HUD/MobileHUDDirectionStick.uasset" 137
"../../../Engine/Content/MobileResources/HUD/T_Castle_ThumbstickInner.uasset" 138
"../../../Engine/Content/MobileResources/HUD/T_Castle_ThumbstickOutter.uasset" 139
"../../../Engine/Content/Tutorial/ContentIntroCurve.uasset" 140
"../../../Engine/Content/Tutorial/Basics/LevelEditorAttract.uasset" 141
"../../../Engine/Content/Tutorial/Basics/TutorialAssets/icon_tab_Levels_40x.uasset" 142
"../../../Engine/Content/Tutorial/Basics/LevelEditorOverview.uasset" 143
"../../../Engine/Content/Tutorial/BlueprintTutorials/TutorialAssets/Blueprint_64x.uasset" 144
"../../../Engine/Content/Tutorial/BlueprintTutorials/BlueprintEditorTutorial.uasset" 145
"../../../Engine/Content/VREditor/TransformGizmo/TranslucentTransformGizmoMaterial.uasset" 146
"../../../Engine/Content/VREditor/LaserPointer/VR_LaserPower_01.uasset" 147
"../../../Engine/Content/VREditor/TransformGizmo/TransformGizmoMaterial.uasset" 148
"../../../Engine/Content/VREditor/TransformGizmo/BoundingBoxCorner.uasset" 149
"../../../Engine/Content/VREditor/TransformGizmo/BoundingBoxEdge.uasset" 150
"../../../Engine/Content/VREditor/TransformGizmo/PlaneTranslationHandle.uasset" 151
"../../../Engine/Content/VREditor/TransformGizmo/Xray.uasset" 152
"../../../Engine/Content/VREditor/TransformGizmo/Main.uasset" 153
"../../../Engine/Content/VREditor/TransformGizmo/SM_Sequencer_Key.uasset" 154
"../../../Engine/Content/VREditor/TransformGizmo/SM_Sequencer_Node.uasset" 155
"../../Plugins/2D/Paper2D/Content/PlaceholderTextures/DummySpriteTexture.uasset" 156
"../../Plugins/2D/Paper2D/Content/DummySprite.uasset" 157
"../../Plugins/2D/Paper2D/Content/DefaultPaperTerrainMaterial.uasset" 158
"../../Plugins/2D/Paper2D/Content/DefaultSpriteMaterial.uasset" 159
"../../Plugins/2D/Paper2D/Content/MaskedUnlitSpriteMaterial.uasset" 160
"../../Plugins/2D/Paper2D/Content/OpaqueUnlitSpriteMaterial.uasset" 161
"../../../Engine/Content/Functions/Engine_MaterialFunctions02/Utility/BreakOutFloat3Components.uasset" 162
"../../Plugins/Editor/SpeedTreeImporter/Content/SpeedTree9/UnpackInteger3.uasset" 163
"../../Plugins/Editor/SpeedTreeImporter/Content/SpeedTree9/UnpackDirection.uasset" 164
"../../Plugins/Editor/SpeedTreeImporter/Content/SpeedTree9/game_wind_noise.uasset" 165
"../../../Engine/Content/Functions/Engine_MaterialFunctions02/SafeNormalize.uasset" 166
"../../Plugins/Editor/SpeedTreeImporter/Content/SpeedTree9/SpeedTreeWindMotion.uasset" 167
"../../Plugins/Editor/SpeedTreeImporter/Content/SpeedTree9/SpeedTreeBranchMotion.uasset" 168
"../../../Engine/Content/Functions/Engine_MaterialFunctions02/ObjectLocalBounds.uasset" 169
"../../../Engine/Content/Functions/Engine_MaterialFunctions02/UVs/BoundingBoxBased_0-1_UVW.uasset" 170
"../../Plugins/Editor/SpeedTreeImporter/Content/SpeedTree9/SpeedTreeWind.uasset" 171
"../../Plugins/Editor/SpeedTreeImporter/Content/SpeedTree9/SpeedTreeBillboard.uasset" 172
"../../../Engine/Content/EngineResources/DefaultTexture.uasset" 173
"../../Plugins/Editor/SpeedTreeImporter/Content/SpeedTree9/SpeedTreeBillboardMaster.uasset" 174
"../../Plugins/Editor/SpeedTreeImporter/Content/SpeedTree9/SpeedTreeCameraFacing.uasset" 175
"../../Plugins/Editor/SpeedTreeImporter/Content/SpeedTree9/SpeedTreeMaster.uasset" 176
"../../../Engine/Content/BasicShapes/Cylinder.uasset" 177
"../../../Engine/Content/ArtTools/RenderToTexture/Materials/Debug/M_Emissive_Color.uasset" 178
"../../Plugins/Lumin/MagicLeapPassableWorld/Content/MagicLeapARPinInfoActor.uasset" 179
"../../../Engine/Content/Functions/Engine_MaterialFunctions02/Utility/BreakOutFloat4Components.uasset" 180
"../../../Engine/Content/Functions/Engine_MaterialFunctions02/Utility/MakeFloat3.uasset" 181
"../../Plugins/Runtime/Oculus/OculusVR/Content/Materials/OculusMR_ChromaKey.uasset" 182
"../../Plugins/Runtime/Oculus/OculusVR/Content/Materials/OculusMR_OpaqueColoredMaterial.uasset" 183
"../../Plugins/Runtime/Oculus/OculusVR/Content/Materials/PokeAHoleMaterial.uasset" 184
"../../../../../repo/MyFirstGameJamSubmittion2021SUMmer/Game/Content/Blueprints/Actors/Level1/Table/Square/M_DesktopMat.uasset" 185
"../../../../../repo/MyFirstGameJamSubmittion2021SUMmer/Game/Content/Blueprints/Actors/Level1/Table/Square/SM_Table.uasset" 186
"../../../../../repo/MyFirstGameJamSubmittion2021SUMmer/Game/Content/Blueprints/Actors/Level1/SewerTube/M_Tube.uasset" 187
"../../../../../repo/MyFirstGameJamSubmittion2021SUMmer/Game/Content/Blueprints/Actors/Level1/SewerTube/SM_LeadintoSewers.uasset" 188
"../../../../../repo/MyFirstGameJamSubmittion2021SUMmer/Game/Content/Blueprints/Actors/Level1/Cell/M_JailCell.uasset" 189
"../../../../../repo/MyFirstGameJamSubmittion2021SUMmer/Game/Content/Blueprints/Actors/Level1/Cell/SM_JailCellWithKeyhole.uasset" 190
"../../../../../repo/MyFirstGameJamSubmittion2021SUMmer/Game/Content/Blueprints/Actors/Level1/Cell/SM_JailCell.uasset" 191
"../../../../../repo/MyFirstGameJamSubmittion2021SUMmer/Game/Content/Blueprints/Actors/Level1/Box/M_BoxBrownLight.uasset" 192
"../../../../../repo/MyFirstGameJamSubmittion2021SUMmer/Game/Content/Blueprints/Actors/Level1/Box/M_BoxBrownDark.uasset" 193
"../../../../../repo/MyFirstGameJamSubmittion2021SUMmer/Game/Content/Blueprints/Actors/Level1/Box/SM_WoodBox.uasset" 194
"../../../../../repo/MyFirstGameJamSubmittion2021SUMmer/Game/Content/Blueprints/Actors/Level1/Bed/M_CellBed.uasset" 195
"../../../../../repo/MyFirstGameJamSubmittion2021SUMmer/Game/Content/Blueprints/Actors/Level1/Bed/SM_CellBed.uasset" 196
"../../../Engine/Content/BasicShapes/Cube.uasset" 197
"../../../../../repo/MyFirstGameJamSubmittion2021SUMmer/Game/Content/StarterContent/Materials/M_Basic_Floor.uasset" 198
"../../../../../repo/MyFirstGameJamSubmittion2021SUMmer/Game/Content/Blueprints/Actors/Level1/Terminal/T_Prison_Computer.uasset" 199
"../../../../../repo/MyFirstGameJamSubmittion2021SUMmer/Game/Content/Blueprints/Actors/Level1/Terminal/M_Computer_Mat.uasset" 200
"../../../../../repo/MyFirstGameJamSubmittion2021SUMmer/Game/Content/Blueprints/Actors/Level1/Sink/M_SinkBottom.uasset" 201
"../../../../../repo/MyFirstGameJamSubmittion2021SUMmer/Game/Content/Blueprints/Actors/Level1/Mathsheet/T_Mathsheets.uasset" 202
"../../../../../repo/MyFirstGameJamSubmittion2021SUMmer/Game/Content/Blueprints/Actors/Level1/Mathsheet/M_Mathsheets_Mat.uasset" 203
"../../../../../repo/MyFirstGameJamSubmittion2021SUMmer/Game/Content/Blueprints/Actors/Level1/Maps/T_Prison_Map_CellA.uasset" 204
"../../../../../repo/MyFirstGameJamSubmittion2021SUMmer/Game/Content/Blueprints/Actors/Level1/Maps/M_Prison_Map_CellsA_Mat.uasset" 205
"../../../../../repo/MyFirstGameJamSubmittion2021SUMmer/Game/Content/Blueprints/Actors/Level1/Maps/T_Prison_Map_Cafe.uasset" 206
"../../../../../repo/MyFirstGameJamSubmittion2021SUMmer/Game/Content/Blueprints/Actors/Level1/Maps/M_Prison_Map_Cafe_Mat.uasset" 207
"../../../../../repo/MyFirstGameJamSubmittion2021SUMmer/Game/Content/Blueprints/Actors/Level1/GymFloor/T_WeightsDecal.uasset" 208
"../../../../../repo/MyFirstGameJamSubmittion2021SUMmer/Game/Content/Blueprints/Actors/Level1/GymFloor/M_WeightsDecal.uasset" 209
"../../../../../repo/MyFirstGameJamSubmittion2021SUMmer/Game/Content/Blueprints/Actors/Level1/GymFloor/T_GymFloor.uasset" 210
"../../../../../repo/MyFirstGameJamSubmittion2021SUMmer/Game/Content/Blueprints/Actors/Level1/GymFloor/M_GymFloor.uasset" 211
"../../../../../repo/MyFirstGameJamSubmittion2021SUMmer/Game/Content/Blueprints/Actors/Level1/Decals/T_Prison_GapDecal.uasset" 212
"../../../../../repo/MyFirstGameJamSubmittion2021SUMmer/Game/Content/Blueprints/Actors/Level1/Decals/M_Prison_JumpGap_Mat.uasset" 213
"../../../../../repo/MyFirstGameJamSubmittion2021SUMmer/Game/Content/Blueprints/Actors/Level1/Decals/WDecal.uasset" 214
"../../../../../repo/MyFirstGameJamSubmittion2021SUMmer/Game/Content/Blueprints/Actors/Level1/Decals/M_Prison_Decal_W.uasset" 215
"../../../../../repo/MyFirstGameJamSubmittion2021SUMmer/Game/Content/Blueprints/Actors/Level1/Decals/T_SDecal.uasset" 216
"../../../../../repo/MyFirstGameJamSubmittion2021SUMmer/Game/Content/Blueprints/Actors/Level1/Decals/M_Prison_Decal_S.uasset" 217
"../../../../../repo/MyFirstGameJamSubmittion2021SUMmer/Game/Content/Blueprints/Actors/Level1/Decals/T_ODecal.uasset" 218
"../../../../../repo/MyFirstGameJamSubmittion2021SUMmer/Game/Content/Blueprints/Actors/Level1/Decals/M_Prison_Decal_O.uasset" 219
"../../../../../repo/MyFirstGameJamSubmittion2021SUMmer/Game/Content/Blueprints/Actors/Level1/Decals/T_CDecal.uasset" 220
"../../../../../repo/MyFirstGameJamSubmittion2021SUMmer/Game/Content/Blueprints/Actors/Level1/Decals/M_Prison_Decal_C.uasset" 221
"../../../../../repo/MyFirstGameJamSubmittion2021SUMmer/Game/Content/Blueprints/Actors/Level1/Decals/T_Prison_Decal7.uasset" 222
"../../../../../repo/MyFirstGameJamSubmittion2021SUMmer/Game/Content/Blueprints/Actors/Level1/Decals/M_Prison_Decal7_Mat.uasset" 223
"../../../../../repo/MyFirstGameJamSubmittion2021SUMmer/Game/Content/Blueprints/Actors/Level1/Decals/T_Prison_Decal6.uasset" 224
"../../../../../repo/MyFirstGameJamSubmittion2021SUMmer/Game/Content/Blueprints/Actors/Level1/Decals/M_Prison_Decal6_Mat.uasset" 225
"../../../../../repo/MyFirstGameJamSubmittion2021SUMmer/Game/Content/Blueprints/Actors/Level1/Decals/T_Prison_Decal5.uasset" 226
"../../../../../repo/MyFirstGameJamSubmittion2021SUMmer/Game/Content/Blueprints/Actors/Level1/Decals/M_Prison_Decal5_Mat.uasset" 227
"../../../../../repo/MyFirstGameJamSubmittion2021SUMmer/Game/Content/Blueprints/Actors/Level1/Decals/T_Prison_Decal4.uasset" 228
"../../../../../repo/MyFirstGameJamSubmittion2021SUMmer/Game/Content/Blueprints/Actors/Level1/Decals/M_Prison_Decal4_Mat.uasset" 229
"../../../../../repo/MyFirstGameJamSubmittion2021SUMmer/Game/Content/Blueprints/Actors/Level1/Decals/T_Prison_Decal3.uasset" 230
"../../../../../repo/MyFirstGameJamSubmittion2021SUMmer/Game/Content/Blueprints/Actors/Level1/Decals/M_Prison_Decal3_Mat.uasset" 231
"../../../../../repo/MyFirstGameJamSubmittion2021SUMmer/Game/Content/Blueprints/Actors/Level1/Decals/T_Prison_Decal2.uasset" 232
"../../../../../repo/MyFirstGameJamSubmittion2021SUMmer/Game/Content/Blueprints/Actors/Level1/Decals/M_Prison_Decal2_Mat.uasset" 233
"../../../../../repo/MyFirstGameJamSubmittion2021SUMmer/Game/Content/Blueprints/Actors/Level1/Decals/T_Prison_Decal1.uasset" 234
"../../../../../repo/MyFirstGameJamSubmittion2021SUMmer/Game/Content/Blueprints/Actors/Level1/Decals/M_Prison_Decal1_Mat.uasset" 235
"../../../../../repo/MyFirstGameJamSubmittion2021SUMmer/Game/Content/Maps/Level1_BuiltData.uasset" 236
"../../../../../repo/MyFirstGameJamSubmittion2021SUMmer/Game/Content/Blueprints/Interfaces/BP_InteractionInterface.uasset" 237
"../../../Engine/Content/EditorBlueprintResources/StandardMacros.uasset" 238
"../../../../../repo/MyFirstGameJamSubmittion2021SUMmer/Game/Content/Blueprints/Actors/Level1/Vent/M_VentMat.uasset" 239
"../../../../../repo/MyFirstGameJamSubmittion2021SUMmer/Game/Content/Blueprints/Actors/Level1/Vent/SM_CellVent.uasset" 240
"../../../../../repo/MyFirstGameJamSubmittion2021SUMmer/Game/Content/SoundFX/MetalSFX/Metal_Single4.uasset" 241
"../../../../../repo/MyFirstGameJamSubmittion2021SUMmer/Game/Content/SoundFX/MetalSFX/Metal_Single3.uasset" 242
"../../../../../repo/MyFirstGameJamSubmittion2021SUMmer/Game/Content/SoundFX/MetalSFX/Metal_Single2.uasset" 243
"../../../../../repo/MyFirstGameJamSubmittion2021SUMmer/Game/Content/SoundFX/MetalSFX/Metal_Single1.uasset" 244
"../../../../../repo/MyFirstGameJamSubmittion2021SUMmer/Game/Content/SoundFX/SFX.uasset" 245
"../../../../../repo/MyFirstGameJamSubmittion2021SUMmer/Game/Content/SoundFX/MetalSFX/Metal_Single.uasset" 246
"../../../../../repo/MyFirstGameJamSubmittion2021SUMmer/Game/Content/Blueprints/Actors/Level1/CollapsedFloor/M_CrackedCubeMat.uasset" 247
"../../../../../repo/MyFirstGameJamSubmittion2021SUMmer/Game/Content/Blueprints/Actors/Level1/CollapsedFloor/SM_CubeComplete.uasset" 248
"../../../Engine/Content/EditorBlueprintResources/ActorMacros.uasset" 249
"../../../../../repo/MyFirstGameJamSubmittion2021SUMmer/Game/Content/Blueprints/Actors/BP_DraggableSound.uasset" 250
"../../../../../repo/MyFirstGameJamSubmittion2021SUMmer/Game/Content/Blueprints/Actors/Level1/Vent/BP_VentV2.uasset" 251
"../../../../../repo/MyFirstGameJamSubmittion2021SUMmer/Game/Content/Blueprints/Actors/Level1/Toilet/M_PrisonToilet.uasset" 252
"../../../../../repo/MyFirstGameJamSubmittion2021SUMmer/Game/Content/Blueprints/Actors/Level1/Toilet/SM_PrisonToilet.uasset" 253
"../../../../../repo/MyFirstGameJamSubmittion2021SUMmer/Game/Content/Blueprints/Actors/Level1/Toilet/BP_Toilet.uasset" 254
"../../../../../repo/MyFirstGameJamSubmittion2021SUMmer/Game/Content/SoundFX/Lockpad/Lockpad_Good.uasset" 255
"../../../../../repo/MyFirstGameJamSubmittion2021SUMmer/Game/Content/SoundFX/Lockpad/Lockpad_Error.uasset" 256
"../../../../../repo/MyFirstGameJamSubmittion2021SUMmer/Game/Content/Blueprints/Actors/Level1/Terminal/W_Computer.uasset" 257
"../../../../../repo/MyFirstGameJamSubmittion2021SUMmer/Game/Content/Blueprints/Actors/Level1/Terminal/SM_TerminalScreen.uasset" 258
"../../../../../repo/MyFirstGameJamSubmittion2021SUMmer/Game/Content/Blueprints/Actors/Level1/Terminal/M_Status.uasset" 259
"../../../../../repo/MyFirstGameJamSubmittion2021SUMmer/Game/Content/Blueprints/Actors/Level1/Terminal/M_Computer.uasset" 260
"../../../../../repo/MyFirstGameJamSubmittion2021SUMmer/Game/Content/Blueprints/Actors/Level1/Terminal/SM_TerminalBottom.uasset" 261
"../../../../../repo/MyFirstGameJamSubmittion2021SUMmer/Game/Content/Blueprints/Actors/Flashlight/Materials/M_Flashlight.uasset" 262
"../../../../../repo/MyFirstGameJamSubmittion2021SUMmer/Game/Content/Blueprints/Actors/BP_KeyV2.uasset" 263
"../../../../../repo/MyFirstGameJamSubmittion2021SUMmer/Game/Content/Blueprints/Actors/BP_Door.uasset" 264
"../../../../../repo/MyFirstGameJamSubmittion2021SUMmer/Game/Content/Blueprints/Player/BP_EscapeController.uasset" 265
"../../../../../repo/MyFirstGameJamSubmittion2021SUMmer/Game/Content/Blueprints/Actors/BP_Interactable.uasset" 266
"../../../../../repo/MyFirstGameJamSubmittion2021SUMmer/Game/Content/Blueprints/Actors/Elevator/Materials/M_Black.uasset" 267
"../../../Engine/Content/BasicShapes/Plane.uasset" 268
"../../../../../repo/MyFirstGameJamSubmittion2021SUMmer/Game/Content/Blueprints/Actors/Level1/Terminal/BP_Terminal.uasset" 269
"../../../../../repo/MyFirstGameJamSubmittion2021SUMmer/Game/Content/Blueprints/Actors/Level1/Table/Round/M_PrisonTable.uasset" 270
"../../../../../repo/MyFirstGameJamSubmittion2021SUMmer/Game/Content/Blueprints/Actors/Level1/Table/Round/SM_PrisonTable.uasset" 271
"../../../../../repo/MyFirstGameJamSubmittion2021SUMmer/Game/Content/Blueprints/Actors/Level1/Table/BP_Table.uasset" 272
"../../../../../repo/MyFirstGameJamSubmittion2021SUMmer/Game/Content/Blueprints/Actors/Level1/Table/Round/M_Chairs.uasset" 273
"../../../../../repo/MyFirstGameJamSubmittion2021SUMmer/Game/Content/Blueprints/Actors/Level1/Table/Round/SM_PrisonChair.uasset" 274
"../../../../../repo/MyFirstGameJamSubmittion2021SUMmer/Game/Content/Blueprints/Actors/Level1/Table/BP_Chairs.uasset" 275
"../../../../../repo/MyFirstGameJamSubmittion2021SUMmer/Game/Content/Blueprints/Actors/Level1/SlidingDoor/M_PrisonDoorMetal_Glass.uasset" 276
"../../../../../repo/MyFirstGameJamSubmittion2021SUMmer/Game/Content/Blueprints/Actors/Level1/SlidingDoor/M_PrisonDoorMetal.uasset" 277
"../../../../../repo/MyFirstGameJamSubmittion2021SUMmer/Game/Content/Blueprints/Actors/Level1/SlidingDoor/SM_PrisonDoorMetal.uasset" 278
"../../../../../repo/MyFirstGameJamSubmittion2021SUMmer/Game/Content/Blueprints/Actors/Level1/SlidingDoor/M_ButtonPad.uasset" 279
"../../../../../repo/MyFirstGameJamSubmittion2021SUMmer/Game/Content/Blueprints/Actors/Level1/SlidingDoor/BP_Door_Sliding.uasset" 280
"../../../../../repo/MyFirstGameJamSubmittion2021SUMmer/Game/Content/Blueprints/Actors/Level1/SlidingDoor/BP_Door_SlidingOverridable.uasset" 281
"../../../../../repo/MyFirstGameJamSubmittion2021SUMmer/Game/Content/Blueprints/Actors/Level1/Sink/SM_Sink_Sink.uasset" 282
"../../../../../repo/MyFirstGameJamSubmittion2021SUMmer/Game/Content/Blueprints/Actors/Level1/Sink/M_SinkTop.uasset" 283
"../../../../../repo/MyFirstGameJamSubmittion2021SUMmer/Game/Content/Blueprints/Actors/Level1/Sink/SM_Sink_Faucet_Handle.uasset" 284
"../../../../../repo/MyFirstGameJamSubmittion2021SUMmer/Game/Content/Blueprints/Actors/Level1/Sink/SM_Sink_Faucet.uasset" 285
"../../../../../repo/MyFirstGameJamSubmittion2021SUMmer/Game/Content/Blueprints/Actors/Level1/Sink/BP_Sink.uasset" 286
"../../../../../repo/MyFirstGameJamSubmittion2021SUMmer/Game/Content/Blueprints/Actors/Level1/KeyPad/M_Key.uasset" 287
"../../../../../repo/MyFirstGameJamSubmittion2021SUMmer/Game/Content/Blueprints/Actors/Level1/KeyPad/SM_PrisonKey.uasset" 288
"../../../../../repo/MyFirstGameJamSubmittion2021SUMmer/Game/Content/Blueprints/Actors/Level1/KeyPad/M_Screen.uasset" 289
"../../../../../repo/MyFirstGameJamSubmittion2021SUMmer/Game/Content/Blueprints/Actors/Level1/KeyPad/M_KeypadMain.uasset" 290
"../../../../../repo/MyFirstGameJamSubmittion2021SUMmer/Game/Content/Blueprints/Actors/Level1/KeyPad/SM_PrisonKeypad.uasset" 291
"../../../../../repo/MyFirstGameJamSubmittion2021SUMmer/Game/Content/Blueprints/Actors/Level1/KeyPad/Enum_KeyType.uasset" 292
"../../../../../repo/MyFirstGameJamSubmittion2021SUMmer/Game/Content/Blueprints/Actors/Level1/KeyPad/BP_PrisonKeypad.uasset" 293
"../../../../../repo/MyFirstGameJamSubmittion2021SUMmer/Game/Content/Blueprints/Actors/Level1/KeyPad/BP_PrisonKeypadKey.uasset" 294
"../../../../../repo/MyFirstGameJamSubmittion2021SUMmer/Game/Content/StarterContent/Materials/M_Basic_Wall.uasset" 295
"../../../../../repo/MyFirstGameJamSubmittion2021SUMmer/Game/Content/StarterContent/Shapes/Shape_Cube.uasset" 296
"../../../../../repo/MyFirstGameJamSubmittion2021SUMmer/Game/Content/Blueprints/Actors/Level1/KeyCard/BP_KeyCardV2.uasset" 297
"../../../../../repo/MyFirstGameJamSubmittion2021SUMmer/Game/Content/SoundFX/KeyMetal/SmallMetal5.uasset" 298
"../../../../../repo/MyFirstGameJamSubmittion2021SUMmer/Game/Content/SoundFX/KeyMetal/SmallMetal4.uasset" 299
"../../../../../repo/MyFirstGameJamSubmittion2021SUMmer/Game/Content/SoundFX/KeyMetal/SmallMetal3.uasset" 300
"../../../../../repo/MyFirstGameJamSubmittion2021SUMmer/Game/Content/SoundFX/KeyMetal/SmallMetal2.uasset" 301
"../../../../../repo/MyFirstGameJamSubmittion2021SUMmer/Game/Content/SoundFX/KeyMetal/SmallMetal1.uasset" 302
"../../../../../repo/MyFirstGameJamSubmittion2021SUMmer/Game/Content/SoundFX/KeyMetal/SmallMetal_Cue.uasset" 303
"../../../../../repo/MyFirstGameJamSubmittion2021SUMmer/Game/Content/Blueprints/Actors/Level1/Key/M_KEy.uasset" 304
"../../../../../repo/MyFirstGameJamSubmittion2021SUMmer/Game/Content/Blueprints/Actors/Level1/Key/SM_KeyToMy_3.uasset" 305
"../../../../../repo/MyFirstGameJamSubmittion2021SUMmer/Game/Content/Blueprints/Actors/Level1/Key/BP_KeyCells.uasset" 306
"../../../../../repo/MyFirstGameJamSubmittion2021SUMmer/Game/Content/Blueprints/Actors/Level1/GymFloor/SM_GymDestructibleFloor.uasset" 307
"../../../../../repo/MyFirstGameJamSubmittion2021SUMmer/Game/Content/Blueprints/Actors/Level1/Weight/M_WeightSides.uasset" 308
"../../../../../repo/MyFirstGameJamSubmittion2021SUMmer/Game/Content/Blueprints/Actors/Level1/Weight/M_WeightHandle.uasset" 309
"../../../../../repo/MyFirstGameJamSubmittion2021SUMmer/Game/Content/Blueprints/Actors/Level1/Weight/SM_Weight.uasset" 310
"../../../../../repo/MyFirstGameJamSubmittion2021SUMmer/Game/Content/Blueprints/Actors/Level1/Weight/BP_Dumbells.uasset" 311
"../../../../../repo/MyFirstGameJamSubmittion2021SUMmer/Game/Content/Blueprints/Actors/Level1/GymFloor/BP_GymDestructibleFloor.uasset" 312
"../../../../../repo/MyFirstGameJamSubmittion2021SUMmer/Game/Content/UI/W_Convo.uasset" 313
"../../../Engine/Content/BasicShapes/Sphere.uasset" 314
"../../../../../repo/MyFirstGameJamSubmittion2021SUMmer/Game/Content/Blueprints/Player/CircleFace.uasset" 315
"../../../../../repo/MyFirstGameJamSubmittion2021SUMmer/Game/Content/Blueprints/Player/CircleFace_Mat.uasset" 316
"../../../../../repo/MyFirstGameJamSubmittion2021SUMmer/Game/Content/CameraShakes/CS_ViewBob.uasset" 317
"../../../../../repo/MyFirstGameJamSubmittion2021SUMmer/Game/Content/Blueprints/Actors/Flashlight/SM_Flashlight.uasset" 318
"../../../../../repo/MyFirstGameJamSubmittion2021SUMmer/Game/Content/Blueprints/Actors/Flashlight/BP_Flashlight.uasset" 319
"../../../../../repo/MyFirstGameJamSubmittion2021SUMmer/Game/Content/Structs/ST_ConversationQueue.uasset" 320
"../../../Engine/Content/BasicShapes/BasicShapeMaterial.uasset" 321
"../../../../../repo/MyFirstGameJamSubmittion2021SUMmer/Game/Content/Blueprints/Player/BP_EscapeCharacter.uasset" 322
"../../../../../repo/MyFirstGameJamSubmittion2021SUMmer/Game/Content/Blueprints/GameMode/GM_EscapeGameModeBase.uasset" 323
"../../../../../repo/MyFirstGameJamSubmittion2021SUMmer/Game/Content/Blueprints/Actors/Level1/Cell/BP_Door_Prison.uasset" 324
"../../../../../repo/MyFirstGameJamSubmittion2021SUMmer/Game/Content/Blueprints/Actors/Level1/Bench/M_Bench.uasset" 325
"../../../../../repo/MyFirstGameJamSubmittion2021SUMmer/Game/Content/Blueprints/Actors/Level1/Bench/SM_Bench.uasset" 326
"../../../../../repo/MyFirstGameJamSubmittion2021SUMmer/Game/Content/Blueprints/Actors/Level1/Bench/BP_Bench.uasset" 327
"../../../../../repo/MyFirstGameJamSubmittion2021SUMmer/Game/Content/Blueprints/Actors/BP_ConvoActivator.uasset" 328
"../../../../../repo/MyFirstGameJamSubmittion2021SUMmer/Game/Content/Blueprints/Actors/Level1/Ladder/M_Ladder.uasset" 329
"../../../../../repo/MyFirstGameJamSubmittion2021SUMmer/Game/Content/Blueprints/Actors/Level1/Ladder/SM_Ladder.uasset" 330
"../../../../../repo/MyFirstGameJamSubmittion2021SUMmer/Game/Content/Blueprints/Actors/Level1/SewerTube/M_PipeDividers.uasset" 331
"../../../../../repo/MyFirstGameJamSubmittion2021SUMmer/Game/Content/Blueprints/Actors/Level1/SewerTube/M_Pipe.uasset" 332
"../../../../../repo/MyFirstGameJamSubmittion2021SUMmer/Game/Content/Blueprints/Actors/Level1/SewerTube/SM_Sewers.uasset" 333
"../../../../../repo/MyFirstGameJamSubmittion2021SUMmer/Game/Content/Blueprints/Actors/Level1/SewerTube/P_SewerWind.uasset" 334
"../../../../../repo/MyFirstGameJamSubmittion2021SUMmer/Game/Content/Blueprints/Actors/Level1/SewerTube/M_Particle_Wind_Mat.uasset" 335
"../../../../../repo/MyFirstGameJamSubmittion2021SUMmer/Game/Content/Blueprints/Actors/Level1/SewerTube/P_SmellySewers.uasset" 336
"../../../../../repo/MyFirstGameJamSubmittion2021SUMmer/Game/Content/StarterContent/Textures/T_Water_N.uasset" 337
"../../../../../repo/MyFirstGameJamSubmittion2021SUMmer/Game/Content/StarterContent/Textures/T_Perlin_Noise_M.uasset" 338
"../../../../../repo/MyFirstGameJamSubmittion2021SUMmer/Game/Content/Blueprints/Actors/Level1/SewerTube/M_SewerWater.uasset" 339
"../../../../../repo/MyFirstGameJamSubmittion2021SUMmer/Game/Content/Blueprints/Actors/Level1/SewerTube/BP_SewerTubeSection.uasset" 340
"../../../../../repo/MyFirstGameJamSubmittion2021SUMmer/Game/Content/Blueprints/Actors/Level1/SewerTube/SM_Sewers_Start_Sewers_Start.uasset" 341
"../../../../../repo/MyFirstGameJamSubmittion2021SUMmer/Game/Content/Blueprints/Actors/Level1/SewerTube/M_Wheel.uasset" 342
"../../../../../repo/MyFirstGameJamSubmittion2021SUMmer/Game/Content/Blueprints/Actors/Level1/SewerTube/SM_Sewers_Start_Sewers_Handle.uasset" 343
"../../../../../repo/MyFirstGameJamSubmittion2021SUMmer/Game/Content/Blueprints/Actors/Level1/SewerTube/BP_Sewer_TurnHandle.uasset" 344
"../../../../../repo/MyFirstGameJamSubmittion2021SUMmer/Game/Content/Blueprints/Actors/Level1/SewerTube/BP_SewerTubeEntry.uasset" 345
"../../../../../repo/MyFirstGameJamSubmittion2021SUMmer/Game/Content/Blueprints/Actors/Level1/SewerTube/BP_SewerGenerator.uasset" 346
"../../../../../repo/MyFirstGameJamSubmittion2021SUMmer/Game/Content/Maps/Level1.umap" 347
"../../../../../repo/MyFirstGameJamSubmittion2021SUMmer/Game/Content/Maps/StartGame_BuiltData.uasset" 348
"../../../../../repo/MyFirstGameJamSubmittion2021SUMmer/Game/Content/Blueprints/GameMode/GM_Start.uasset" 349
"../../../../../repo/MyFirstGameJamSubmittion2021SUMmer/Game/Content/UI/UIIcons/T_SoundFX.uasset" 350
"../../../../../repo/MyFirstGameJamSubmittion2021SUMmer/Game/Content/UI/UIIcons/T_Singleplayer.uasset" 351
"../../../../../repo/MyFirstGameJamSubmittion2021SUMmer/Game/Content/UI/UIIcons/T_Settings.uasset" 352
"../../../../../repo/MyFirstGameJamSubmittion2021SUMmer/Game/Content/UI/UIIcons/T_Ok.uasset" 353
"../../../../../repo/MyFirstGameJamSubmittion2021SUMmer/Game/Content/UI/UIIcons/T_Multiplayer.uasset" 354
"../../../../../repo/MyFirstGameJamSubmittion2021SUMmer/Game/Content/UI/UIIcons/T_GoBack.uasset" 355
"../../../../../repo/MyFirstGameJamSubmittion2021SUMmer/Game/Content/UI/UIIcons/T_Game_Title.uasset" 356
"../../../../../repo/MyFirstGameJamSubmittion2021SUMmer/Game/Content/UI/UIIcons/T_Credits.uasset" 357
"../../../../../repo/MyFirstGameJamSubmittion2021SUMmer/Game/Content/UI/UIIcons/T_BadWifi.uasset" 358
"../../../../../repo/MyFirstGameJamSubmittion2021SUMmer/Game/Content/UI/W_SpinnyWheel.uasset" 359
"../../../../../repo/MyFirstGameJamSubmittion2021SUMmer/Game/Content/SoundFX/UISFX/ButtonHovered.uasset" 360
"../../../../../repo/MyFirstGameJamSubmittion2021SUMmer/Game/Content/SoundFX/UISFX/ButtonClicks.uasset" 361
"../../../../../repo/MyFirstGameJamSubmittion2021SUMmer/Game/Content/UI/W_Error.uasset" 362
"../../../../../repo/MyFirstGameJamSubmittion2021SUMmer/Game/Content/SoundFX/SoundMix.uasset" 363
"../../../../../repo/MyFirstGameJamSubmittion2021SUMmer/Game/Content/Blueprints/SaveGame/Settings.uasset" 364
"../../../../../repo/MyFirstGameJamSubmittion2021SUMmer/Game/Content/Blueprints/GameInstance/BP_EscapeGameInstance.uasset" 365
"../../../../../repo/MyFirstGameJamSubmittion2021SUMmer/Game/Content/UI/W_Start.uasset" 366
"../../../../../repo/MyFirstGameJamSubmittion2021SUMmer/Game/Content/Maps/StartGame.umap" 367
"../../../Engine/Content/Maps/Entry_BuiltData.uasset" 368
"../../../Engine/Content/Maps/Entry.umap" 369
